{"total": {"lines":{"total":36803,"covered":18423,"skipped":0,"pct":50.05},"statements":{"total":40459,"covered":20292,"skipped":0,"pct":50.15},"functions":{"total":9720,"covered":4367,"skipped":0,"pct":44.92},"branches":{"total":27394,"covered":12854,"skipped":0,"pct":46.92},"branchesTrue":{"total":0,"covered":0,"skipped":0,"pct":100}}
,"/home/runner/work/ffn-hydrantenmap/ffn-hydrantenmap/src/proxy.ts": {"lines":{"total":19,"covered":19,"skipped":0,"pct":100},"functions":{"total":5,"covered":5,"skipped":0,"pct":100},"statements":{"total":19,"covered":19,"skipped":0,"pct":100},"branches":{"total":14,"covered":14,"skipped":0,"pct":100}}
,"/home/runner/work/ffn-hydrantenmap/ffn-hydrantenmap/src/app/auth.ts": {"lines":{"total":75,"covered":1,"skipped":0,"pct":1.33},"functions":{"total":9,"covered":0,"skipped":0,"pct":0},"statements":{"total":77,"covered":1,"skipped":0,"pct":1.29},"branches":{"total":58,"covered":0,"skipped":0,"pct":0}}
,"/home/runner/work/ffn-hydrantenmap/ffn-hydrantenmap/src/app/error.tsx": {"lines":{"total":5,"covered":0,"skipped":0,"pct":0},"functions":{"total":3,"covered":0,"skipped":0,"pct":0},"statements":{"total":5,"covered":0,"skipped":0,"pct":0},"branches":{"total":2,"covered":0,"skipped":0,"pct":0}}
,"/home/runner/work/ffn-hydrantenmap/ffn-hydrantenmap/src/app/firebaseAuth.ts": {"lines":{"total":10,"covered":1,"skipped":0,"pct":10},"functions":{"total":2,"covered":0,"skipped":0,"pct":0},"statements":{"total":10,"covered":1,"skipped":0,"pct":10},"branches":{"total":2,"covered":0,"skipped":0,"pct":0}}
,"/home/runner/work/ffn-hydrantenmap/ffn-hydrantenmap/src/app/global-error.tsx": {"lines":{"total":5,"covered":0,"skipped":0,"pct":0},"functions":{"total":3,"covered":0,"skipped":0,"pct":0},"statements":{"total":5,"covered":0,"skipped":0,"pct":0},"branches":{"total":2,"covered":0,"skipped":0,"pct":0}}
,"/home/runner/work/ffn-hydrantenmap/ffn-hydrantenmap/src/app/layout.tsx": {"lines":{"total":9,"covered":0,"skipped":0,"pct":0},"functions":{"total":1,"covered":0,"skipped":0,"pct":0},"statements":{"total":9,"covered":0,"skipped":0,"pct":0},"branches":{"total":0,"covered":0,"skipped":0,"pct":100}}
,"/home/runner/work/ffn-hydrantenmap/ffn-hydrantenmap/src/app/manifest.ts": {"lines":{"total":1,"covered":1,"skipped":0,"pct":100},"functions":{"total":1,"covered":1,"skipped":0,"pct":100},"statements":{"total":1,"covered":1,"skipped":0,"pct":100},"branches":{"total":0,"covered":0,"skipped":0,"pct":100}}
,"/home/runner/work/ffn-hydrantenmap/ffn-hydrantenmap/src/app/page.tsx": {"lines":{"total":2,"covered":0,"skipped":0,"pct":0},"functions":{"total":1,"covered":0,"skipped":0,"pct":0},"statements":{"total":2,"covered":0,"skipped":0,"pct":0},"branches":{"total":0,"covered":0,"skipped":0,"pct":100}}
,"/home/runner/work/ffn-hydrantenmap/ffn-hydrantenmap/src/app/.well-known/jwks.json/route.ts": {"lines":{"total":4,"covered":0,"skipped":0,"pct":0},"functions":{"total":2,"covered":0,"skipped":0,"pct":0},"statements":{"total":4,"covered":0,"skipped":0,"pct":0},"branches":{"total":0,"covered":0,"skipped":0,"pct":100}}
,"/home/runner/work/ffn-hydrantenmap/ffn-hydrantenmap/src/app/.well-known/oauth-authorization-server/route.ts": {"lines":{"total":4,"covered":0,"skipped":0,"pct":0},"functions":{"total":2,"covered":0,"skipped":0,"pct":0},"statements":{"total":4,"covered":0,"skipped":0,"pct":0},"branches":{"total":0,"covered":0,"skipped":0,"pct":100}}
,"/home/runner/work/ffn-hydrantenmap/ffn-hydrantenmap/src/app/.well-known/oauth-protected-resource/route.ts": {"lines":{"total":4,"covered":0,"skipped":0,"pct":0},"functions":{"total":2,"covered":0,"skipped":0,"pct":0},"statements":{"total":4,"covered":0,"skipped":0,"pct":0},"branches":{"total":0,"covered":0,"skipped":0,"pct":100}}
,"/home/runner/work/ffn-hydrantenmap/ffn-hydrantenmap/src/app/.well-known/oauth-protected-resource/api/mcp/route.ts": {"lines":{"total":4,"covered":0,"skipped":0,"pct":0},"functions":{"total":2,"covered":0,"skipped":0,"pct":0},"statements":{"total":4,"covered":0,"skipped":0,"pct":0},"branches":{"total":0,"covered":0,"skipped":0,"pct":100}}
,"/home/runner/work/ffn-hydrantenmap/ffn-hydrantenmap/src/app/about/page.tsx": {"lines":{"total":3,"covered":0,"skipped":0,"pct":0},"functions":{"total":1,"covered":0,"skipped":0,"pct":0},"statements":{"total":3,"covered":0,"skipped":0,"pct":0},"branches":{"total":2,"covered":0,"skipped":0,"pct":0}}
,"/home/runner/work/ffn-hydrantenmap/ffn-hydrantenmap/src/app/actions/auth.ts": {"lines":{"total":23,"covered":22,"skipped":0,"pct":95.65},"functions":{"total":1,"covered":1,"skipped":0,"pct":100},"statements":{"total":23,"covered":22,"skipped":0,"pct":95.65},"branches":{"total":18,"covered":15,"skipped":0,"pct":83.33}}
,"/home/runner/work/ffn-hydrantenmap/ffn-hydrantenmap/src/app/actions/firecallShareLinks.ts": {"lines":{"total":61,"covered":59,"skipped":0,"pct":96.72},"functions":{"total":13,"covered":12,"skipped":0,"pct":92.3},"statements":{"total":61,"covered":59,"skipped":0,"pct":96.72},"branches":{"total":42,"covered":32,"skipped":0,"pct":76.19}}
,"/home/runner/work/ffn-hydrantenmap/ffn-hydrantenmap/src/app/actions/jwt.ts": {"lines":{"total":19,"covered":0,"skipped":0,"pct":0},"functions":{"total":3,"covered":0,"skipped":0,"pct":0},"statements":{"total":19,"covered":0,"skipped":0,"pct":0},"branches":{"total":2,"covered":0,"skipped":0,"pct":0}}
,"/home/runner/work/ffn-hydrantenmap/ffn-hydrantenmap/src/app/actions/mapCapabilities.ts": {"lines":{"total":57,"covered":54,"skipped":0,"pct":94.73},"functions":{"total":4,"covered":4,"skipped":0,"pct":100},"statements":{"total":65,"covered":60,"skipped":0,"pct":92.3},"branches":{"total":28,"covered":25,"skipped":0,"pct":89.28}}
,"/home/runner/work/ffn-hydrantenmap/ffn-hydrantenmap/src/app/actions/passkey.ts": {"lines":{"total":80,"covered":77,"skipped":0,"pct":96.25},"functions":{"total":15,"covered":14,"skipped":0,"pct":93.33},"statements":{"total":80,"covered":77,"skipped":0,"pct":96.25},"branches":{"total":55,"covered":46,"skipped":0,"pct":83.63}}
,"/home/runner/work/ffn-hydrantenmap/ffn-hydrantenmap/src/app/actions/userSettings.ts": {"lines":{"total":15,"covered":0,"skipped":0,"pct":0},"functions":{"total":2,"covered":0,"skipped":0,"pct":0},"statements":{"total":15,"covered":0,"skipped":0,"pct":0},"branches":{"total":4,"covered":0,"skipped":0,"pct":0}}
,"/home/runner/work/ffn-hydrantenmap/ffn-hydrantenmap/src/app/admin/ClusterItemAdminAction.ts": {"lines":{"total":16,"covered":0,"skipped":0,"pct":0},"functions":{"total":3,"covered":0,"skipped":0,"pct":0},"statements":{"total":16,"covered":0,"skipped":0,"pct":0},"branches":{"total":9,"covered":0,"skipped":0,"pct":0}}
,"/home/runner/work/ffn-hydrantenmap/ffn-hydrantenmap/src/app/admin/PegelstandAdminAction.ts": {"lines":{"total":79,"covered":0,"skipped":0,"pct":0},"functions":{"total":11,"covered":0,"skipped":0,"pct":0},"statements":{"total":88,"covered":0,"skipped":0,"pct":0},"branches":{"total":45,"covered":0,"skipped":0,"pct":0}}
,"/home/runner/work/ffn-hydrantenmap/ffn-hydrantenmap/src/app/admin/adminActions.ts": {"lines":{"total":208,"covered":0,"skipped":0,"pct":0},"functions":{"total":43,"covered":0,"skipped":0,"pct":0},"statements":{"total":214,"covered":0,"skipped":0,"pct":0},"branches":{"total":67,"covered":0,"skipped":0,"pct":0}}
,"/home/runner/work/ffn-hydrantenmap/ffn-hydrantenmap/src/app/admin/hydrantenCsvImportAction.ts": {"lines":{"total":51,"covered":0,"skipped":0,"pct":0},"functions":{"total":5,"covered":0,"skipped":0,"pct":0},"statements":{"total":57,"covered":0,"skipped":0,"pct":0},"branches":{"total":22,"covered":0,"skipped":0,"pct":0}}
,"/home/runner/work/ffn-hydrantenmap/ffn-hydrantenmap/src/app/admin/layout.tsx": {"lines":{"total":2,"covered":0,"skipped":0,"pct":0},"functions":{"total":1,"covered":0,"skipped":0,"pct":0},"statements":{"total":2,"covered":0,"skipped":0,"pct":0},"branches":{"total":0,"covered":0,"skipped":0,"pct":100}}
,"/home/runner/work/ffn-hydrantenmap/ffn-hydrantenmap/src/app/admin/page.tsx": {"lines":{"total":1,"covered":0,"skipped":0,"pct":0},"functions":{"total":1,"covered":0,"skipped":0,"pct":0},"statements":{"total":1,"covered":0,"skipped":0,"pct":0},"branches":{"total":0,"covered":0,"skipped":0,"pct":100}}
,"/home/runner/work/ffn-hydrantenmap/ffn-hydrantenmap/src/app/admin/actions/page.tsx": {"lines":{"total":2,"covered":0,"skipped":0,"pct":0},"functions":{"total":1,"covered":0,"skipped":0,"pct":0},"statements":{"total":2,"covered":0,"skipped":0,"pct":0},"branches":{"total":0,"covered":0,"skipped":0,"pct":100}}
,"/home/runner/work/ffn-hydrantenmap/ffn-hydrantenmap/src/app/admin/atemschutz/page.tsx": {"lines":{"total":2,"covered":0,"skipped":0,"pct":0},"functions":{"total":1,"covered":0,"skipped":0,"pct":0},"statements":{"total":2,"covered":0,"skipped":0,"pct":0},"branches":{"total":0,"covered":0,"skipped":0,"pct":100}}
,"/home/runner/work/ffn-hydrantenmap/ffn-hydrantenmap/src/app/admin/bug-reports/BugReportConfigSection.tsx": {"lines":{"total":21,"covered":0,"skipped":0,"pct":0},"functions":{"total":7,"covered":0,"skipped":0,"pct":0},"statements":{"total":21,"covered":0,"skipped":0,"pct":0},"branches":{"total":6,"covered":0,"skipped":0,"pct":0}}
,"/home/runner/work/ffn-hydrantenmap/ffn-hydrantenmap/src/app/admin/bug-reports/BugReportDetailDialog.tsx": {"lines":{"total":99,"covered":0,"skipped":0,"pct":0},"functions":{"total":29,"covered":0,"skipped":0,"pct":0},"statements":{"total":108,"covered":0,"skipped":0,"pct":0},"branches":{"total":120,"covered":0,"skipped":0,"pct":0}}
,"/home/runner/work/ffn-hydrantenmap/ffn-hydrantenmap/src/app/admin/bug-reports/BugReportListClient.tsx": {"lines":{"total":45,"covered":0,"skipped":0,"pct":0},"functions":{"total":15,"covered":0,"skipped":0,"pct":0},"statements":{"total":48,"covered":0,"skipped":0,"pct":0},"branches":{"total":50,"covered":0,"skipped":0,"pct":0}}
,"/home/runner/work/ffn-hydrantenmap/ffn-hydrantenmap/src/app/admin/bug-reports/bugReportAdminActions.ts": {"lines":{"total":68,"covered":66,"skipped":0,"pct":97.05},"functions":{"total":15,"covered":15,"skipped":0,"pct":100},"statements":{"total":71,"covered":68,"skipped":0,"pct":95.77},"branches":{"total":40,"covered":33,"skipped":0,"pct":82.5}}
,"/home/runner/work/ffn-hydrantenmap/ffn-hydrantenmap/src/app/admin/bug-reports/page.tsx": {"lines":{"total":2,"covered":0,"skipped":0,"pct":0},"functions":{"total":1,"covered":0,"skipped":0,"pct":0},"statements":{"total":2,"covered":0,"skipped":0,"pct":0},"branches":{"total":0,"covered":0,"skipped":0,"pct":100}}
,"/home/runner/work/ffn-hydrantenmap/ffn-hydrantenmap/src/app/admin/deleted-items/page.tsx": {"lines":{"total":2,"covered":0,"skipped":0,"pct":0},"functions":{"total":1,"covered":0,"skipped":0,"pct":0},"statements":{"total":2,"covered":0,"skipped":0,"pct":0},"branches":{"total":0,"covered":0,"skipped":0,"pct":100}}
,"/home/runner/work/ffn-hydrantenmap/ffn-hydrantenmap/src/app/admin/drive/page.tsx": {"lines":{"total":1,"covered":0,"skipped":0,"pct":0},"functions":{"total":1,"covered":0,"skipped":0,"pct":0},"statements":{"total":1,"covered":0,"skipped":0,"pct":0},"branches":{"total":0,"covered":0,"skipped":0,"pct":100}}
,"/home/runner/work/ffn-hydrantenmap/ffn-hydrantenmap/src/app/admin/fahrtenbuch/page.tsx": {"lines":{"total":2,"covered":0,"skipped":0,"pct":0},"functions":{"total":1,"covered":0,"skipped":0,"pct":0},"statements":{"total":2,"covered":0,"skipped":0,"pct":0},"branches":{"total":0,"covered":0,"skipped":0,"pct":100}}
,"/home/runner/work/ffn-hydrantenmap/ffn-hydrantenmap/src/app/admin/gis-data/page.tsx": {"lines":{"total":2,"covered":0,"skipped":0,"pct":0},"functions":{"total":1,"covered":0,"skipped":0,"pct":0},"statements":{"total":2,"covered":0,"skipped":0,"pct":0},"branches":{"total":0,"covered":0,"skipped":0,"pct":100}}
,"/home/runner/work/ffn-hydrantenmap/ffn-hydrantenmap/src/app/admin/hydrant-clusters/page.tsx": {"lines":{"total":2,"covered":0,"skipped":0,"pct":0},"functions":{"total":1,"covered":0,"skipped":0,"pct":0},"statements":{"total":2,"covered":0,"skipped":0,"pct":0},"branches":{"total":0,"covered":0,"skipped":0,"pct":100}}
,"/home/runner/work/ffn-hydrantenmap/ffn-hydrantenmap/src/app/admin/hydranten-csv-import/page.tsx": {"lines":{"total":2,"covered":0,"skipped":0,"pct":0},"functions":{"total":1,"covered":0,"skipped":0,"pct":0},"statements":{"total":2,"covered":0,"skipped":0,"pct":0},"branches":{"total":0,"covered":0,"skipped":0,"pct":100}}
,"/home/runner/work/ffn-hydrantenmap/ffn-hydrantenmap/src/app/admin/kostenersatz/page.tsx": {"lines":{"total":2,"covered":0,"skipped":0,"pct":0},"functions":{"total":1,"covered":0,"skipped":0,"pct":0},"statements":{"total":2,"covered":0,"skipped":0,"pct":0},"branches":{"total":0,"covered":0,"skipped":0,"pct":100}}
,"/home/runner/work/ffn-hydrantenmap/ffn-hydrantenmap/src/app/admin/mcp/actions.ts": {"lines":{"total":12,"covered":0,"skipped":0,"pct":0},"functions":{"total":5,"covered":0,"skipped":0,"pct":0},"statements":{"total":13,"covered":0,"skipped":0,"pct":0},"branches":{"total":0,"covered":0,"skipped":0,"pct":100}}
,"/home/runner/work/ffn-hydrantenmap/ffn-hydrantenmap/src/app/admin/mcp/page.tsx": {"lines":{"total":5,"covered":0,"skipped":0,"pct":0},"functions":{"total":1,"covered":0,"skipped":0,"pct":0},"statements":{"total":5,"covered":0,"skipped":0,"pct":0},"branches":{"total":4,"covered":0,"skipped":0,"pct":0}}
,"/home/runner/work/ffn-hydrantenmap/ffn-hydrantenmap/src/app/admin/pegelstaende/page.tsx": {"lines":{"total":2,"covered":0,"skipped":0,"pct":0},"functions":{"total":1,"covered":0,"skipped":0,"pct":0},"statements":{"total":2,"covered":0,"skipped":0,"pct":0},"branches":{"total":0,"covered":0,"skipped":0,"pct":100}}
,"/home/runner/work/ffn-hydrantenmap/ffn-hydrantenmap/src/app/ai/aiQuery.tsx": {"lines":{"total":9,"covered":0,"skipped":0,"pct":0},"functions":{"total":4,"covered":0,"skipped":0,"pct":0},"statements":{"total":9,"covered":0,"skipped":0,"pct":0},"branches":{"total":2,"covered":0,"skipped":0,"pct":0}}
,"/home/runner/work/ffn-hydrantenmap/ffn-hydrantenmap/src/app/ai/assistantInstructions.ts": {"lines":{"total":1,"covered":0,"skipped":0,"pct":0},"functions":{"total":0,"covered":0,"skipped":0,"pct":100},"statements":{"total":1,"covered":0,"skipped":0,"pct":0},"branches":{"total":0,"covered":0,"skipped":0,"pct":100}}
,"/home/runner/work/ffn-hydrantenmap/ffn-hydrantenmap/src/app/ai/firecallSummary.tsx": {"lines":{"total":17,"covered":0,"skipped":0,"pct":0},"functions":{"total":8,"covered":0,"skipped":0,"pct":0},"statements":{"total":17,"covered":0,"skipped":0,"pct":0},"branches":{"total":44,"covered":0,"skipped":0,"pct":0}}
,"/home/runner/work/ffn-hydrantenmap/ffn-hydrantenmap/src/app/ai/page.tsx": {"lines":{"total":62,"covered":0,"skipped":0,"pct":0},"functions":{"total":21,"covered":0,"skipped":0,"pct":0},"statements":{"total":65,"covered":0,"skipped":0,"pct":0},"branches":{"total":50,"covered":0,"skipped":0,"pct":0}}
,"/home/runner/work/ffn-hydrantenmap/ffn-hydrantenmap/src/app/api/errors.ts": {"lines":{"total":2,"covered":2,"skipped":0,"pct":100},"functions":{"total":1,"covered":1,"skipped":0,"pct":100},"statements":{"total":2,"covered":2,"skipped":0,"pct":100},"branches":{"total":6,"covered":6,"skipped":0,"pct":100}}
,"/home/runner/work/ffn-hydrantenmap/ffn-hydrantenmap/src/app/api/responses.ts": {"lines":{"total":0,"covered":0,"skipped":0,"pct":100},"functions":{"total":0,"covered":0,"skipped":0,"pct":100},"statements":{"total":0,"covered":0,"skipped":0,"pct":100},"branches":{"total":0,"covered":0,"skipped":0,"pct":100}}
,"/home/runner/work/ffn-hydrantenmap/ffn-hydrantenmap/src/app/api/admin-notifications/route.ts": {"lines":{"total":8,"covered":0,"skipped":0,"pct":0},"functions":{"total":1,"covered":0,"skipped":0,"pct":0},"statements":{"total":8,"covered":0,"skipped":0,"pct":0},"branches":{"total":2,"covered":0,"skipped":0,"pct":0}}
,"/home/runner/work/ffn-hydrantenmap/ffn-hydrantenmap/src/app/api/admin/extract-import/route.ts": {"lines":{"total":90,"covered":0,"skipped":0,"pct":0},"functions":{"total":23,"covered":0,"skipped":0,"pct":0},"statements":{"total":91,"covered":0,"skipped":0,"pct":0},"branches":{"total":42,"covered":0,"skipped":0,"pct":0}}
,"/home/runner/work/ffn-hydrantenmap/ffn-hydrantenmap/src/app/api/admin/update-clusters/route.ts": {"lines":{"total":58,"covered":0,"skipped":0,"pct":0},"functions":{"total":14,"covered":0,"skipped":0,"pct":0},"statements":{"total":59,"covered":0,"skipped":0,"pct":0},"branches":{"total":22,"covered":0,"skipped":0,"pct":0}}
,"/home/runner/work/ffn-hydrantenmap/ffn-hydrantenmap/src/app/api/appcheck/route.ts": {"lines":{"total":5,"covered":5,"skipped":0,"pct":100},"functions":{"total":1,"covered":1,"skipped":0,"pct":100},"statements":{"total":5,"covered":5,"skipped":0,"pct":100},"branches":{"total":2,"covered":2,"skipped":0,"pct":100}}
,"/home/runner/work/ffn-hydrantenmap/ffn-hydrantenmap/src/app/api/atemschutz/ueberwachung-check/route.ts": {"lines":{"total":23,"covered":0,"skipped":0,"pct":0},"functions":{"total":4,"covered":0,"skipped":0,"pct":0},"statements":{"total":23,"covered":0,"skipped":0,"pct":0},"branches":{"total":16,"covered":0,"skipped":0,"pct":0}}
,"/home/runner/work/ffn-hydrantenmap/ffn-hydrantenmap/src/app/api/auth/[...nextauth]/route.ts": {"lines":{"total":1,"covered":0,"skipped":0,"pct":0},"functions":{"total":0,"covered":0,"skipped":0,"pct":100},"statements":{"total":1,"covered":0,"skipped":0,"pct":0},"branches":{"total":0,"covered":0,"skipped":0,"pct":100}}
,"/home/runner/work/ffn-hydrantenmap/ffn-hydrantenmap/src/app/api/chat/route.ts": {"lines":{"total":24,"covered":0,"skipped":0,"pct":0},"functions":{"total":2,"covered":0,"skipped":0,"pct":0},"statements":{"total":24,"covered":0,"skipped":0,"pct":0},"branches":{"total":14,"covered":0,"skipped":0,"pct":0}}
,"/home/runner/work/ffn-hydrantenmap/ffn-hydrantenmap/src/app/api/einsatz/route.ts": {"lines":{"total":28,"covered":27,"skipped":0,"pct":96.42},"functions":{"total":2,"covered":2,"skipped":0,"pct":100},"statements":{"total":28,"covered":27,"skipped":0,"pct":96.42},"branches":{"total":25,"covered":24,"skipped":0,"pct":96}}
,"/home/runner/work/ffn-hydrantenmap/ffn-hydrantenmap/src/app/api/einsatz/[firecallId]/drive/[fileId]/thumbnail/route.ts": {"lines":{"total":19,"covered":17,"skipped":0,"pct":89.47},"functions":{"total":1,"covered":1,"skipped":0,"pct":100},"statements":{"total":19,"covered":17,"skipped":0,"pct":89.47},"branches":{"total":14,"covered":11,"skipped":0,"pct":78.57}}
,"/home/runner/work/ffn-hydrantenmap/ffn-hydrantenmap/src/app/api/fahrtenbuch/weekly-report/route.ts": {"lines":{"total":23,"covered":21,"skipped":0,"pct":91.3},"functions":{"total":4,"covered":4,"skipped":0,"pct":100},"statements":{"total":24,"covered":22,"skipped":0,"pct":91.66},"branches":{"total":12,"covered":9,"skipped":0,"pct":75}}
,"/home/runner/work/ffn-hydrantenmap/ffn-hydrantenmap/src/app/api/geojson/route.ts": {"lines":{"total":8,"covered":0,"skipped":0,"pct":0},"functions":{"total":1,"covered":0,"skipped":0,"pct":0},"statements":{"total":8,"covered":0,"skipped":0,"pct":0},"branches":{"total":10,"covered":0,"skipped":0,"pct":0}}
,"/home/runner/work/ffn-hydrantenmap/ffn-hydrantenmap/src/app/api/hazmat/route.ts": {"lines":{"total":13,"covered":0,"skipped":0,"pct":0},"functions":{"total":1,"covered":0,"skipped":0,"pct":0},"statements":{"total":13,"covered":0,"skipped":0,"pct":0},"branches":{"total":8,"covered":0,"skipped":0,"pct":0}}
,"/home/runner/work/ffn-hydrantenmap/ffn-hydrantenmap/src/app/api/hello/route.ts": {"lines":{"total":1,"covered":0,"skipped":0,"pct":0},"functions":{"total":1,"covered":0,"skipped":0,"pct":0},"statements":{"total":1,"covered":0,"skipped":0,"pct":0},"branches":{"total":0,"covered":0,"skipped":0,"pct":100}}
,"/home/runner/work/ffn-hydrantenmap/ffn-hydrantenmap/src/app/api/hydranten/route.ts": {"lines":{"total":11,"covered":0,"skipped":0,"pct":0},"functions":{"total":3,"covered":0,"skipped":0,"pct":0},"statements":{"total":11,"covered":0,"skipped":0,"pct":0},"branches":{"total":6,"covered":0,"skipped":0,"pct":0}}
,"/home/runner/work/ffn-hydrantenmap/ffn-hydrantenmap/src/app/api/kostenersatz/pdf/route.ts": {"lines":{"total":30,"covered":0,"skipped":0,"pct":0},"functions":{"total":3,"covered":0,"skipped":0,"pct":0},"statements":{"total":32,"covered":0,"skipped":0,"pct":0},"branches":{"total":14,"covered":0,"skipped":0,"pct":0}}
,"/home/runner/work/ffn-hydrantenmap/ffn-hydrantenmap/src/app/api/kostenersatz/pdf/[calculationId]/route.ts": {"lines":{"total":34,"covered":0,"skipped":0,"pct":0},"functions":{"total":2,"covered":0,"skipped":0,"pct":0},"statements":{"total":34,"covered":0,"skipped":0,"pct":0},"branches":{"total":19,"covered":0,"skipped":0,"pct":0}}
,"/home/runner/work/ffn-hydrantenmap/ffn-hydrantenmap/src/app/api/mcp/route.ts": {"lines":{"total":21,"covered":0,"skipped":0,"pct":0},"functions":{"total":7,"covered":0,"skipped":0,"pct":0},"statements":{"total":22,"covered":0,"skipped":0,"pct":0},"branches":{"total":4,"covered":0,"skipped":0,"pct":0}}
,"/home/runner/work/ffn-hydrantenmap/ffn-hydrantenmap/src/app/api/oauth/authorize/route.ts": {"lines":{"total":13,"covered":12,"skipped":0,"pct":92.3},"functions":{"total":1,"covered":1,"skipped":0,"pct":100},"statements":{"total":13,"covered":12,"skipped":0,"pct":92.3},"branches":{"total":6,"covered":5,"skipped":0,"pct":83.33}}
,"/home/runner/work/ffn-hydrantenmap/ffn-hydrantenmap/src/app/api/oauth/register/route.ts": {"lines":{"total":36,"covered":0,"skipped":0,"pct":0},"functions":{"total":2,"covered":0,"skipped":0,"pct":0},"statements":{"total":36,"covered":0,"skipped":0,"pct":0},"branches":{"total":18,"covered":0,"skipped":0,"pct":0}}
,"/home/runner/work/ffn-hydrantenmap/ffn-hydrantenmap/src/app/api/oauth/revoke/route.ts": {"lines":{"total":22,"covered":0,"skipped":0,"pct":0},"functions":{"total":3,"covered":0,"skipped":0,"pct":0},"statements":{"total":22,"covered":0,"skipped":0,"pct":0},"branches":{"total":8,"covered":0,"skipped":0,"pct":0}}
,"/home/runner/work/ffn-hydrantenmap/ffn-hydrantenmap/src/app/api/oauth/token/route.ts": {"lines":{"total":76,"covered":0,"skipped":0,"pct":0},"functions":{"total":5,"covered":0,"skipped":0,"pct":0},"statements":{"total":76,"covered":0,"skipped":0,"pct":0},"branches":{"total":52,"covered":0,"skipped":0,"pct":0}}
,"/home/runner/work/ffn-hydrantenmap/ffn-hydrantenmap/src/app/api/places/route.ts": {"lines":{"total":10,"covered":0,"skipped":0,"pct":0},"functions":{"total":1,"covered":0,"skipped":0,"pct":0},"statements":{"total":10,"covered":0,"skipped":0,"pct":0},"branches":{"total":10,"covered":0,"skipped":0,"pct":0}}
,"/home/runner/work/ffn-hydrantenmap/ffn-hydrantenmap/src/app/api/rettungskarten/bild/[variantId]/route.ts": {"lines":{"total":18,"covered":18,"skipped":0,"pct":100},"functions":{"total":2,"covered":2,"skipped":0,"pct":100},"statements":{"total":19,"covered":19,"skipped":0,"pct":100},"branches":{"total":6,"covered":6,"skipped":0,"pct":100}}
,"/home/runner/work/ffn-hydrantenmap/ffn-hydrantenmap/src/app/api/sumup/webhook/route.ts": {"lines":{"total":61,"covered":0,"skipped":0,"pct":0},"functions":{"total":2,"covered":0,"skipped":0,"pct":0},"statements":{"total":61,"covered":0,"skipped":0,"pct":0},"branches":{"total":32,"covered":0,"skipped":0,"pct":0}}
,"/home/runner/work/ffn-hydrantenmap/ffn-hydrantenmap/src/app/api/tts/route.ts": {"lines":{"total":15,"covered":0,"skipped":0,"pct":0},"functions":{"total":1,"covered":0,"skipped":0,"pct":0},"statements":{"total":15,"covered":0,"skipped":0,"pct":0},"branches":{"total":10,"covered":0,"skipped":0,"pct":0}}
,"/home/runner/work/ffn-hydrantenmap/ffn-hydrantenmap/src/app/api/users/listUsers.ts": {"lines":{"total":14,"covered":0,"skipped":0,"pct":0},"functions":{"total":4,"covered":0,"skipped":0,"pct":0},"statements":{"total":15,"covered":0,"skipped":0,"pct":0},"branches":{"total":6,"covered":0,"skipped":0,"pct":0}}
,"/home/runner/work/ffn-hydrantenmap/ffn-hydrantenmap/src/app/api/users/route.ts": {"lines":{"total":8,"covered":0,"skipped":0,"pct":0},"functions":{"total":1,"covered":0,"skipped":0,"pct":0},"statements":{"total":8,"covered":0,"skipped":0,"pct":0},"branches":{"total":4,"covered":0,"skipped":0,"pct":0}}
,"/home/runner/work/ffn-hydrantenmap/ffn-hydrantenmap/src/app/api/users/[uid]/route.ts": {"lines":{"total":9,"covered":0,"skipped":0,"pct":0},"functions":{"total":1,"covered":0,"skipped":0,"pct":0},"statements":{"total":9,"covered":0,"skipped":0,"pct":0},"branches":{"total":2,"covered":0,"skipped":0,"pct":0}}
,"/home/runner/work/ffn-hydrantenmap/ffn-hydrantenmap/src/app/api/users/[uid]/updateUser.ts": {"lines":{"total":12,"covered":12,"skipped":0,"pct":100},"functions":{"total":3,"covered":3,"skipped":0,"pct":100},"statements":{"total":12,"covered":12,"skipped":0,"pct":100},"branches":{"total":26,"covered":20,"skipped":0,"pct":76.92}}
,"/home/runner/work/ffn-hydrantenmap/ffn-hydrantenmap/src/app/api/users/[uid]/messaging/route.ts": {"lines":{"total":45,"covered":0,"skipped":0,"pct":0},"functions":{"total":5,"covered":0,"skipped":0,"pct":0},"statements":{"total":45,"covered":0,"skipped":0,"pct":0},"branches":{"total":18,"covered":0,"skipped":0,"pct":0}}
,"/home/runner/work/ffn-hydrantenmap/ffn-hydrantenmap/src/app/atemschutz/page.tsx": {"lines":{"total":3,"covered":0,"skipped":0,"pct":0},"functions":{"total":1,"covered":0,"skipped":0,"pct":0},"statements":{"total":3,"covered":0,"skipped":0,"pct":0},"branches":{"total":0,"covered":0,"skipped":0,"pct":100}}
,"/home/runner/work/ffn-hydrantenmap/ffn-hydrantenmap/src/app/atemschutz/fuellprotokoll/page.tsx": {"lines":{"total":3,"covered":0,"skipped":0,"pct":0},"functions":{"total":1,"covered":0,"skipped":0,"pct":0},"statements":{"total":3,"covered":0,"skipped":0,"pct":0},"branches":{"total":0,"covered":0,"skipped":0,"pct":100}}
,"/home/runner/work/ffn-hydrantenmap/ffn-hydrantenmap/src/app/atemschutz/verrechnung/page.tsx": {"lines":{"total":2,"covered":0,"skipped":0,"pct":0},"functions":{"total":1,"covered":0,"skipped":0,"pct":0},"statements":{"total":3,"covered":0,"skipped":0,"pct":0},"branches":{"total":0,"covered":0,"skipped":0,"pct":100}}
,"/home/runner/work/ffn-hydrantenmap/ffn-hydrantenmap/src/app/atemschutz/verrechnung/[rechnungId]/page.tsx": {"lines":{"total":3,"covered":0,"skipped":0,"pct":0},"functions":{"total":1,"covered":0,"skipped":0,"pct":0},"statements":{"total":3,"covered":0,"skipped":0,"pct":0},"branches":{"total":0,"covered":0,"skipped":0,"pct":100}}
,"/home/runner/work/ffn-hydrantenmap/ffn-hydrantenmap/src/app/atemschutzueberwachung/page.tsx": {"lines":{"total":3,"covered":0,"skipped":0,"pct":0},"functions":{"total":1,"covered":0,"skipped":0,"pct":0},"statements":{"total":3,"covered":0,"skipped":0,"pct":0},"branches":{"total":0,"covered":0,"skipped":0,"pct":100}}
,"/home/runner/work/ffn-hydrantenmap/ffn-hydrantenmap/src/app/auditlog/page.tsx": {"lines":{"total":2,"covered":0,"skipped":0,"pct":0},"functions":{"total":1,"covered":0,"skipped":0,"pct":0},"statements":{"total":2,"covered":0,"skipped":0,"pct":0},"branches":{"total":0,"covered":0,"skipped":0,"pct":100}}
,"/home/runner/work/ffn-hydrantenmap/ffn-hydrantenmap/src/app/blaulicht-sms/AlarmCard.tsx": {"lines":{"total":22,"covered":0,"skipped":0,"pct":0},"functions":{"total":14,"covered":0,"skipped":0,"pct":0},"statements":{"total":25,"covered":0,"skipped":0,"pct":0},"branches":{"total":20,"covered":0,"skipped":0,"pct":0}}
,"/home/runner/work/ffn-hydrantenmap/ffn-hydrantenmap/src/app/blaulicht-sms/Map.tsx": {"lines":{"total":11,"covered":0,"skipped":0,"pct":0},"functions":{"total":2,"covered":0,"skipped":0,"pct":0},"statements":{"total":11,"covered":0,"skipped":0,"pct":0},"branches":{"total":5,"covered":0,"skipped":0,"pct":0}}
,"/home/runner/work/ffn-hydrantenmap/ffn-hydrantenmap/src/app/blaulicht-sms/actions.ts": {"lines":{"total":41,"covered":0,"skipped":0,"pct":0},"functions":{"total":4,"covered":0,"skipped":0,"pct":0},"statements":{"total":46,"covered":0,"skipped":0,"pct":0},"branches":{"total":28,"covered":0,"skipped":0,"pct":0}}
,"/home/runner/work/ffn-hydrantenmap/ffn-hydrantenmap/src/app/blaulicht-sms/credentialsActions.ts": {"lines":{"total":25,"covered":0,"skipped":0,"pct":0},"functions":{"total":6,"covered":0,"skipped":0,"pct":0},"statements":{"total":27,"covered":0,"skipped":0,"pct":0},"branches":{"total":12,"covered":0,"skipped":0,"pct":0}}
,"/home/runner/work/ffn-hydrantenmap/ffn-hydrantenmap/src/app/blaulicht-sms/groupFilter.ts": {"lines":{"total":5,"covered":5,"skipped":0,"pct":100},"functions":{"total":3,"covered":3,"skipped":0,"pct":100},"statements":{"total":9,"covered":9,"skipped":0,"pct":100},"branches":{"total":8,"covered":8,"skipped":0,"pct":100}}
,"/home/runner/work/ffn-hydrantenmap/ffn-hydrantenmap/src/app/blaulicht-sms/legacyGroup.ts": {"lines":{"total":5,"covered":5,"skipped":0,"pct":100},"functions":{"total":1,"covered":1,"skipped":0,"pct":100},"statements":{"total":5,"covered":5,"skipped":0,"pct":100},"branches":{"total":8,"covered":8,"skipped":0,"pct":100}}
,"/home/runner/work/ffn-hydrantenmap/ffn-hydrantenmap/src/app/blaulicht-sms/page.tsx": {"lines":{"total":40,"covered":0,"skipped":0,"pct":0},"functions":{"total":10,"covered":0,"skipped":0,"pct":0},"statements":{"total":43,"covered":0,"skipped":0,"pct":0},"branches":{"total":35,"covered":0,"skipped":0,"pct":0}}
,"/home/runner/work/ffn-hydrantenmap/ffn-hydrantenmap/src/app/chat/page.tsx": {"lines":{"total":2,"covered":0,"skipped":0,"pct":0},"functions":{"total":1,"covered":0,"skipped":0,"pct":0},"statements":{"total":2,"covered":0,"skipped":0,"pct":0},"branches":{"total":0,"covered":0,"skipped":0,"pct":100}}
,"/home/runner/work/ffn-hydrantenmap/ffn-hydrantenmap/src/app/dammbau/page.tsx": {"lines":{"total":3,"covered":0,"skipped":0,"pct":0},"functions":{"total":1,"covered":0,"skipped":0,"pct":0},"statements":{"total":3,"covered":0,"skipped":0,"pct":0},"branches":{"total":0,"covered":0,"skipped":0,"pct":100}}
,"/home/runner/work/ffn-hydrantenmap/ffn-hydrantenmap/src/app/datenschutz/page.tsx": {"lines":{"total":2,"covered":0,"skipped":0,"pct":0},"functions":{"total":1,"covered":0,"skipped":0,"pct":0},"statements":{"total":2,"covered":0,"skipped":0,"pct":0},"branches":{"total":0,"covered":0,"skipped":0,"pct":100}}
,"/home/runner/work/ffn-hydrantenmap/ffn-hydrantenmap/src/app/docs/layout.tsx": {"lines":{"total":2,"covered":0,"skipped":0,"pct":0},"functions":{"total":1,"covered":0,"skipped":0,"pct":0},"statements":{"total":2,"covered":0,"skipped":0,"pct":0},"branches":{"total":0,"covered":0,"skipped":0,"pct":100}}
,"/home/runner/work/ffn-hydrantenmap/ffn-hydrantenmap/src/app/docs/page.tsx": {"lines":{"total":3,"covered":0,"skipped":0,"pct":0},"functions":{"total":1,"covered":0,"skipped":0,"pct":0},"statements":{"total":3,"covered":0,"skipped":0,"pct":0},"branches":{"total":0,"covered":0,"skipped":0,"pct":100}}
,"/home/runner/work/ffn-hydrantenmap/ffn-hydrantenmap/src/app/docs/admin/page.tsx": {"lines":{"total":3,"covered":0,"skipped":0,"pct":0},"functions":{"total":1,"covered":0,"skipped":0,"pct":0},"statements":{"total":3,"covered":0,"skipped":0,"pct":0},"branches":{"total":0,"covered":0,"skipped":0,"pct":100}}
,"/home/runner/work/ffn-hydrantenmap/ffn-hydrantenmap/src/app/docs/blaulicht-sms/page.tsx": {"lines":{"total":3,"covered":0,"skipped":0,"pct":0},"functions":{"total":1,"covered":0,"skipped":0,"pct":0},"statements":{"total":3,"covered":0,"skipped":0,"pct":0},"branches":{"total":0,"covered":0,"skipped":0,"pct":100}}
,"/home/runner/work/ffn-hydrantenmap/ffn-hydrantenmap/src/app/docs/chat/page.tsx": {"lines":{"total":3,"covered":0,"skipped":0,"pct":0},"functions":{"total":1,"covered":0,"skipped":0,"pct":0},"statements":{"total":3,"covered":0,"skipped":0,"pct":0},"branches":{"total":0,"covered":0,"skipped":0,"pct":100}}
,"/home/runner/work/ffn-hydrantenmap/ffn-hydrantenmap/src/app/docs/drucken/page.tsx": {"lines":{"total":3,"covered":0,"skipped":0,"pct":0},"functions":{"total":1,"covered":0,"skipped":0,"pct":0},"statements":{"total":3,"covered":0,"skipped":0,"pct":0},"branches":{"total":0,"covered":0,"skipped":0,"pct":100}}
,"/home/runner/work/ffn-hydrantenmap/ffn-hydrantenmap/src/app/docs/ebenen/page.tsx": {"lines":{"total":3,"covered":0,"skipped":0,"pct":0},"functions":{"total":1,"covered":0,"skipped":0,"pct":0},"statements":{"total":3,"covered":0,"skipped":0,"pct":0},"branches":{"total":0,"covered":0,"skipped":0,"pct":100}}
,"/home/runner/work/ffn-hydrantenmap/ffn-hydrantenmap/src/app/docs/einsaetze/page.tsx": {"lines":{"total":3,"covered":0,"skipped":0,"pct":0},"functions":{"total":1,"covered":0,"skipped":0,"pct":0},"statements":{"total":3,"covered":0,"skipped":0,"pct":0},"branches":{"total":0,"covered":0,"skipped":0,"pct":100}}
,"/home/runner/work/ffn-hydrantenmap/ffn-hydrantenmap/src/app/docs/einsatzmittel/page.tsx": {"lines":{"total":3,"covered":0,"skipped":0,"pct":0},"functions":{"total":1,"covered":0,"skipped":0,"pct":0},"statements":{"total":3,"covered":0,"skipped":0,"pct":0},"branches":{"total":0,"covered":0,"skipped":0,"pct":100}}
,"/home/runner/work/ffn-hydrantenmap/ffn-hydrantenmap/src/app/docs/einsatzorte/page.tsx": {"lines":{"total":3,"covered":0,"skipped":0,"pct":0},"functions":{"total":1,"covered":0,"skipped":0,"pct":0},"statements":{"total":3,"covered":0,"skipped":0,"pct":0},"branches":{"total":0,"covered":0,"skipped":0,"pct":100}}
,"/home/runner/work/ffn-hydrantenmap/ffn-hydrantenmap/src/app/docs/energiespektrum/page.tsx": {"lines":{"total":3,"covered":0,"skipped":0,"pct":0},"functions":{"total":1,"covered":0,"skipped":0,"pct":0},"statements":{"total":3,"covered":0,"skipped":0,"pct":0},"branches":{"total":0,"covered":0,"skipped":0,"pct":100}}
,"/home/runner/work/ffn-hydrantenmap/ffn-hydrantenmap/src/app/docs/fahrtenbuch/page.tsx": {"lines":{"total":3,"covered":0,"skipped":0,"pct":0},"functions":{"total":1,"covered":0,"skipped":0,"pct":0},"statements":{"total":3,"covered":0,"skipped":0,"pct":0},"branches":{"total":0,"covered":0,"skipped":0,"pct":100}}
,"/home/runner/work/ffn-hydrantenmap/ffn-hydrantenmap/src/app/docs/fahrzeuge/page.tsx": {"lines":{"total":3,"covered":0,"skipped":0,"pct":0},"functions":{"total":1,"covered":0,"skipped":0,"pct":0},"statements":{"total":3,"covered":0,"skipped":0,"pct":0},"branches":{"total":0,"covered":0,"skipped":0,"pct":100}}
,"/home/runner/work/ffn-hydrantenmap/ffn-hydrantenmap/src/app/docs/geschaeftsbuch/page.tsx": {"lines":{"total":3,"covered":0,"skipped":0,"pct":0},"functions":{"total":1,"covered":0,"skipped":0,"pct":0},"statements":{"total":3,"covered":0,"skipped":0,"pct":0},"branches":{"total":0,"covered":0,"skipped":0,"pct":100}}
,"/home/runner/work/ffn-hydrantenmap/ffn-hydrantenmap/src/app/docs/karte/page.tsx": {"lines":{"total":3,"covered":0,"skipped":0,"pct":0},"functions":{"total":1,"covered":0,"skipped":0,"pct":0},"statements":{"total":3,"covered":0,"skipped":0,"pct":0},"branches":{"total":0,"covered":0,"skipped":0,"pct":100}}
,"/home/runner/work/ffn-hydrantenmap/ffn-hydrantenmap/src/app/docs/ki/page.tsx": {"lines":{"total":3,"covered":0,"skipped":0,"pct":0},"functions":{"total":1,"covered":0,"skipped":0,"pct":0},"statements":{"total":3,"covered":0,"skipped":0,"pct":0},"branches":{"total":0,"covered":0,"skipped":0,"pct":100}}
,"/home/runner/work/ffn-hydrantenmap/ffn-hydrantenmap/src/app/docs/kostenersatz/page.tsx": {"lines":{"total":3,"covered":0,"skipped":0,"pct":0},"functions":{"total":1,"covered":0,"skipped":0,"pct":0},"statements":{"total":3,"covered":0,"skipped":0,"pct":0},"branches":{"total":0,"covered":0,"skipped":0,"pct":100}}
,"/home/runner/work/ffn-hydrantenmap/ffn-hydrantenmap/src/app/docs/mcp/page.tsx": {"lines":{"total":3,"covered":0,"skipped":0,"pct":0},"functions":{"total":1,"covered":0,"skipped":0,"pct":0},"statements":{"total":3,"covered":0,"skipped":0,"pct":0},"branches":{"total":0,"covered":0,"skipped":0,"pct":100}}
,"/home/runner/work/ffn-hydrantenmap/ffn-hydrantenmap/src/app/docs/quickstart/page.tsx": {"lines":{"total":3,"covered":0,"skipped":0,"pct":0},"functions":{"total":1,"covered":0,"skipped":0,"pct":0},"statements":{"total":3,"covered":0,"skipped":0,"pct":0},"branches":{"total":0,"covered":0,"skipped":0,"pct":100}}
,"/home/runner/work/ffn-hydrantenmap/ffn-hydrantenmap/src/app/docs/schadstoff/page.tsx": {"lines":{"total":3,"covered":0,"skipped":0,"pct":0},"functions":{"total":1,"covered":0,"skipped":0,"pct":0},"statements":{"total":3,"covered":0,"skipped":0,"pct":0},"branches":{"total":0,"covered":0,"skipped":0,"pct":100}}
,"/home/runner/work/ffn-hydrantenmap/ffn-hydrantenmap/src/app/docs/strahlenschutz/page.tsx": {"lines":{"total":3,"covered":0,"skipped":0,"pct":0},"functions":{"total":1,"covered":0,"skipped":0,"pct":0},"statements":{"total":3,"covered":0,"skipped":0,"pct":0},"branches":{"total":0,"covered":0,"skipped":0,"pct":100}}
,"/home/runner/work/ffn-hydrantenmap/ffn-hydrantenmap/src/app/docs/tagebuch/page.tsx": {"lines":{"total":3,"covered":0,"skipped":0,"pct":0},"functions":{"total":1,"covered":0,"skipped":0,"pct":0},"statements":{"total":3,"covered":0,"skipped":0,"pct":0},"branches":{"total":0,"covered":0,"skipped":0,"pct":100}}
,"/home/runner/work/ffn-hydrantenmap/ffn-hydrantenmap/src/app/docs/wetter/page.tsx": {"lines":{"total":3,"covered":0,"skipped":0,"pct":0},"functions":{"total":1,"covered":0,"skipped":0,"pct":0},"statements":{"total":3,"covered":0,"skipped":0,"pct":0},"branches":{"total":0,"covered":0,"skipped":0,"pct":100}}
,"/home/runner/work/ffn-hydrantenmap/ffn-hydrantenmap/src/app/ebenen/page.tsx": {"lines":{"total":3,"covered":0,"skipped":0,"pct":0},"functions":{"total":1,"covered":0,"skipped":0,"pct":0},"statements":{"total":3,"covered":0,"skipped":0,"pct":0},"branches":{"total":0,"covered":0,"skipped":0,"pct":100}}
,"/home/runner/work/ffn-hydrantenmap/ffn-hydrantenmap/src/app/einsaetze/page.tsx": {"lines":{"total":2,"covered":0,"skipped":0,"pct":0},"functions":{"total":1,"covered":0,"skipped":0,"pct":0},"statements":{"total":2,"covered":0,"skipped":0,"pct":0},"branches":{"total":0,"covered":0,"skipped":0,"pct":100}}
,"/home/runner/work/ffn-hydrantenmap/ffn-hydrantenmap/src/app/einsatz/[firecallId]/EinsatzClient.tsx": {"lines":{"total":8,"covered":0,"skipped":0,"pct":0},"functions":{"total":2,"covered":0,"skipped":0,"pct":0},"statements":{"total":8,"covered":0,"skipped":0,"pct":0},"branches":{"total":4,"covered":0,"skipped":0,"pct":0}}
,"/home/runner/work/ffn-hydrantenmap/ffn-hydrantenmap/src/app/einsatz/[firecallId]/layout.tsx": {"lines":{"total":1,"covered":0,"skipped":0,"pct":0},"functions":{"total":1,"covered":0,"skipped":0,"pct":0},"statements":{"total":1,"covered":0,"skipped":0,"pct":0},"branches":{"total":0,"covered":0,"skipped":0,"pct":100}}
,"/home/runner/work/ffn-hydrantenmap/ffn-hydrantenmap/src/app/einsatz/[firecallId]/page.tsx": {"lines":{"total":1,"covered":0,"skipped":0,"pct":0},"functions":{"total":1,"covered":0,"skipped":0,"pct":0},"statements":{"total":1,"covered":0,"skipped":0,"pct":0},"branches":{"total":0,"covered":0,"skipped":0,"pct":100}}
,"/home/runner/work/ffn-hydrantenmap/ffn-hydrantenmap/src/app/einsatz/[firecallId]/[section]/page.tsx": {"lines":{"total":21,"covered":0,"skipped":0,"pct":0},"functions":{"total":15,"covered":0,"skipped":0,"pct":0},"statements":{"total":21,"covered":0,"skipped":0,"pct":0},"branches":{"total":2,"covered":0,"skipped":0,"pct":0}}
,"/home/runner/work/ffn-hydrantenmap/ffn-hydrantenmap/src/app/einsatz/[firecallId]/kostenersatz/page.tsx": {"lines":{"total":11,"covered":0,"skipped":0,"pct":0},"functions":{"total":1,"covered":0,"skipped":0,"pct":0},"statements":{"total":11,"covered":0,"skipped":0,"pct":0},"branches":{"total":6,"covered":0,"skipped":0,"pct":0}}
,"/home/runner/work/ffn-hydrantenmap/ffn-hydrantenmap/src/app/einsatz/[firecallId]/kostenersatz/[calculationId]/page.tsx": {"lines":{"total":20,"covered":0,"skipped":0,"pct":0},"functions":{"total":1,"covered":0,"skipped":0,"pct":0},"statements":{"total":20,"covered":0,"skipped":0,"pct":0},"branches":{"total":12,"covered":0,"skipped":0,"pct":0}}
,"/home/runner/work/ffn-hydrantenmap/ffn-hydrantenmap/src/app/einsatz/[firecallId]/kostenersatz/[calculationId]/payment/PaymentConfirmation.tsx": {"lines":{"total":13,"covered":0,"skipped":0,"pct":0},"functions":{"total":4,"covered":0,"skipped":0,"pct":0},"statements":{"total":13,"covered":0,"skipped":0,"pct":0},"branches":{"total":14,"covered":0,"skipped":0,"pct":0}}
,"/home/runner/work/ffn-hydrantenmap/ffn-hydrantenmap/src/app/einsatz/[firecallId]/kostenersatz/[calculationId]/payment/page.tsx": {"lines":{"total":8,"covered":0,"skipped":0,"pct":0},"functions":{"total":1,"covered":0,"skipped":0,"pct":0},"statements":{"total":8,"covered":0,"skipped":0,"pct":0},"branches":{"total":2,"covered":0,"skipped":0,"pct":0}}
,"/home/runner/work/ffn-hydrantenmap/ffn-hydrantenmap/src/app/einsatz/[firecallId]/kostenersatz/neu/page.tsx": {"lines":{"total":11,"covered":0,"skipped":0,"pct":0},"functions":{"total":1,"covered":0,"skipped":0,"pct":0},"statements":{"total":11,"covered":0,"skipped":0,"pct":0},"branches":{"total":6,"covered":0,"skipped":0,"pct":0}}
,"/home/runner/work/ffn-hydrantenmap/ffn-hydrantenmap/src/app/einsatz/[firecallId]/schadstoff/layout.tsx": {"lines":{"total":2,"covered":0,"skipped":0,"pct":0},"functions":{"total":1,"covered":0,"skipped":0,"pct":0},"statements":{"total":2,"covered":0,"skipped":0,"pct":0},"branches":{"total":0,"covered":0,"skipped":0,"pct":100}}
,"/home/runner/work/ffn-hydrantenmap/ffn-hydrantenmap/src/app/einsatz/[firecallId]/schadstoff/page.tsx": {"lines":{"total":2,"covered":0,"skipped":0,"pct":0},"functions":{"total":1,"covered":0,"skipped":0,"pct":0},"statements":{"total":2,"covered":0,"skipped":0,"pct":0},"branches":{"total":0,"covered":0,"skipped":0,"pct":100}}
,"/home/runner/work/ffn-hydrantenmap/ffn-hydrantenmap/src/app/einsatz/[firecallId]/schadstoff/datenbank/page.tsx": {"lines":{"total":1,"covered":0,"skipped":0,"pct":0},"functions":{"total":1,"covered":0,"skipped":0,"pct":0},"statements":{"total":1,"covered":0,"skipped":0,"pct":0},"branches":{"total":0,"covered":0,"skipped":0,"pct":100}}
,"/home/runner/work/ffn-hydrantenmap/ffn-hydrantenmap/src/app/einsatz/[firecallId]/schadstoff/dosimetrie/page.tsx": {"lines":{"total":5,"covered":0,"skipped":0,"pct":0},"functions":{"total":3,"covered":0,"skipped":0,"pct":0},"statements":{"total":5,"covered":0,"skipped":0,"pct":0},"branches":{"total":0,"covered":0,"skipped":0,"pct":100}}
,"/home/runner/work/ffn-hydrantenmap/ffn-hydrantenmap/src/app/einsatz/[firecallId]/schadstoff/energiespektrum/page.tsx": {"lines":{"total":5,"covered":0,"skipped":0,"pct":0},"functions":{"total":3,"covered":0,"skipped":0,"pct":0},"statements":{"total":5,"covered":0,"skipped":0,"pct":0},"branches":{"total":0,"covered":0,"skipped":0,"pct":100}}
,"/home/runner/work/ffn-hydrantenmap/ffn-hydrantenmap/src/app/einsatz/[firecallId]/schadstoff/strahlenschutz/page.tsx": {"lines":{"total":1,"covered":0,"skipped":0,"pct":0},"functions":{"total":1,"covered":0,"skipped":0,"pct":0},"statements":{"total":1,"covered":0,"skipped":0,"pct":0},"branches":{"total":0,"covered":0,"skipped":0,"pct":100}}
,"/home/runner/work/ffn-hydrantenmap/ffn-hydrantenmap/src/app/einsatzmittel/page.tsx": {"lines":{"total":2,"covered":0,"skipped":0,"pct":0},"functions":{"total":1,"covered":0,"skipped":0,"pct":0},"statements":{"total":2,"covered":0,"skipped":0,"pct":0},"branches":{"total":0,"covered":0,"skipped":0,"pct":100}}
,"/home/runner/work/ffn-hydrantenmap/ffn-hydrantenmap/src/app/einsatzorte/page.tsx": {"lines":{"total":2,"covered":0,"skipped":0,"pct":0},"functions":{"total":1,"covered":0,"skipped":0,"pct":0},"statements":{"total":2,"covered":0,"skipped":0,"pct":0},"branches":{"total":0,"covered":0,"skipped":0,"pct":100}}
,"/home/runner/work/ffn-hydrantenmap/ffn-hydrantenmap/src/app/fahrtenbuch/page.tsx": {"lines":{"total":2,"covered":0,"skipped":0,"pct":0},"functions":{"total":1,"covered":0,"skipped":0,"pct":0},"statements":{"total":2,"covered":0,"skipped":0,"pct":0},"branches":{"total":0,"covered":0,"skipped":0,"pct":100}}
,"/home/runner/work/ffn-hydrantenmap/ffn-hydrantenmap/src/app/fahrtenbuch/[groupId]/[vehicleId]/page.tsx": {"lines":{"total":2,"covered":0,"skipped":0,"pct":0},"functions":{"total":1,"covered":0,"skipped":0,"pct":0},"statements":{"total":2,"covered":0,"skipped":0,"pct":0},"branches":{"total":0,"covered":0,"skipped":0,"pct":100}}
,"/home/runner/work/ffn-hydrantenmap/ffn-hydrantenmap/src/app/fahrtenbuch/maengel/page.tsx": {"lines":{"total":1,"covered":0,"skipped":0,"pct":0},"functions":{"total":1,"covered":0,"skipped":0,"pct":0},"statements":{"total":1,"covered":0,"skipped":0,"pct":0},"branches":{"total":0,"covered":0,"skipped":0,"pct":100}}
,"/home/runner/work/ffn-hydrantenmap/ffn-hydrantenmap/src/app/fahrtenbuch/statistik/page.tsx": {"lines":{"total":2,"covered":0,"skipped":0,"pct":0},"functions":{"total":1,"covered":0,"skipped":0,"pct":0},"statements":{"total":2,"covered":0,"skipped":0,"pct":0},"branches":{"total":0,"covered":0,"skipped":0,"pct":100}}
,"/home/runner/work/ffn-hydrantenmap/ffn-hydrantenmap/src/app/fahrtenbuch/teilen/[token]/page.tsx": {"lines":{"total":11,"covered":0,"skipped":0,"pct":0},"functions":{"total":1,"covered":0,"skipped":0,"pct":0},"statements":{"total":11,"covered":0,"skipped":0,"pct":0},"branches":{"total":0,"covered":0,"skipped":0,"pct":100}}
,"/home/runner/work/ffn-hydrantenmap/ffn-hydrantenmap/src/app/fahrzeuge/page.tsx": {"lines":{"total":2,"covered":0,"skipped":0,"pct":0},"functions":{"total":1,"covered":0,"skipped":0,"pct":0},"statements":{"total":2,"covered":0,"skipped":0,"pct":0},"branches":{"total":0,"covered":0,"skipped":0,"pct":100}}
,"/home/runner/work/ffn-hydrantenmap/ffn-hydrantenmap/src/app/geschaeftsbuch/page.tsx": {"lines":{"total":2,"covered":0,"skipped":0,"pct":0},"functions":{"total":1,"covered":0,"skipped":0,"pct":0},"statements":{"total":2,"covered":0,"skipped":0,"pct":0},"branches":{"total":0,"covered":0,"skipped":0,"pct":100}}
,"/home/runner/work/ffn-hydrantenmap/ffn-hydrantenmap/src/app/groups/GroupAction.ts": {"lines":{"total":76,"covered":55,"skipped":0,"pct":72.36},"functions":{"total":30,"covered":25,"skipped":0,"pct":83.33},"statements":{"total":79,"covered":57,"skipped":0,"pct":72.15},"branches":{"total":46,"covered":30,"skipped":0,"pct":65.21}}
,"/home/runner/work/ffn-hydrantenmap/ffn-hydrantenmap/src/app/groups/GroupDialog.tsx": {"lines":{"total":98,"covered":0,"skipped":0,"pct":0},"functions":{"total":46,"covered":0,"skipped":0,"pct":0},"statements":{"total":104,"covered":0,"skipped":0,"pct":0},"branches":{"total":74,"covered":0,"skipped":0,"pct":0}}
,"/home/runner/work/ffn-hydrantenmap/ffn-hydrantenmap/src/app/groups/groupAdminGuard.ts": {"lines":{"total":5,"covered":5,"skipped":0,"pct":100},"functions":{"total":1,"covered":1,"skipped":0,"pct":100},"statements":{"total":5,"covered":5,"skipped":0,"pct":100},"branches":{"total":2,"covered":2,"skipped":0,"pct":100}}
,"/home/runner/work/ffn-hydrantenmap/ffn-hydrantenmap/src/app/groups/groupHelpers.ts": {"lines":{"total":7,"covered":0,"skipped":0,"pct":0},"functions":{"total":4,"covered":0,"skipped":0,"pct":0},"statements":{"total":8,"covered":0,"skipped":0,"pct":0},"branches":{"total":6,"covered":0,"skipped":0,"pct":0}}
,"/home/runner/work/ffn-hydrantenmap/ffn-hydrantenmap/src/app/groups/groupSort.ts": {"lines":{"total":4,"covered":4,"skipped":0,"pct":100},"functions":{"total":2,"covered":2,"skipped":0,"pct":100},"statements":{"total":6,"covered":5,"skipped":0,"pct":83.33},"branches":{"total":12,"covered":8,"skipped":0,"pct":66.66}}
,"/home/runner/work/ffn-hydrantenmap/ffn-hydrantenmap/src/app/groups/groupTypes.ts": {"lines":{"total":7,"covered":7,"skipped":0,"pct":100},"functions":{"total":1,"covered":1,"skipped":0,"pct":100},"statements":{"total":7,"covered":7,"skipped":0,"pct":100},"branches":{"total":4,"covered":4,"skipped":0,"pct":100}}
,"/home/runner/work/ffn-hydrantenmap/ffn-hydrantenmap/src/app/groups/page.tsx": {"lines":{"total":64,"covered":0,"skipped":0,"pct":0},"functions":{"total":22,"covered":0,"skipped":0,"pct":0},"statements":{"total":66,"covered":0,"skipped":0,"pct":0},"branches":{"total":32,"covered":0,"skipped":0,"pct":0}}
,"/home/runner/work/ffn-hydrantenmap/ffn-hydrantenmap/src/app/groups/stammdatenActions.ts": {"lines":{"total":21,"covered":0,"skipped":0,"pct":0},"functions":{"total":3,"covered":0,"skipped":0,"pct":0},"statements":{"total":22,"covered":0,"skipped":0,"pct":0},"branches":{"total":13,"covered":0,"skipped":0,"pct":0}}
,"/home/runner/work/ffn-hydrantenmap/ffn-hydrantenmap/src/app/hochwasser/page.tsx": {"lines":{"total":3,"covered":0,"skipped":0,"pct":0},"functions":{"total":1,"covered":0,"skipped":0,"pct":0},"statements":{"total":3,"covered":0,"skipped":0,"pct":0},"branches":{"total":0,"covered":0,"skipped":0,"pct":100}}
,"/home/runner/work/ffn-hydrantenmap/ffn-hydrantenmap/src/app/kennzeichen/configActions.ts": {"lines":{"total":24,"covered":0,"skipped":0,"pct":0},"functions":{"total":7,"covered":0,"skipped":0,"pct":0},"statements":{"total":25,"covered":0,"skipped":0,"pct":0},"branches":{"total":14,"covered":0,"skipped":0,"pct":0}}
,"/home/runner/work/ffn-hydrantenmap/ffn-hydrantenmap/src/app/kennzeichen/diaryEntry.ts": {"lines":{"total":18,"covered":18,"skipped":0,"pct":100},"functions":{"total":7,"covered":7,"skipped":0,"pct":100},"statements":{"total":21,"covered":21,"skipped":0,"pct":100},"branches":{"total":12,"covered":11,"skipped":0,"pct":91.66}}
,"/home/runner/work/ffn-hydrantenmap/ffn-hydrantenmap/src/app/kennzeichen/logEntry.ts": {"lines":{"total":2,"covered":2,"skipped":0,"pct":100},"functions":{"total":1,"covered":1,"skipped":0,"pct":100},"statements":{"total":2,"covered":2,"skipped":0,"pct":100},"branches":{"total":0,"covered":0,"skipped":0,"pct":100}}
,"/home/runner/work/ffn-hydrantenmap/ffn-hydrantenmap/src/app/kennzeichen/page.tsx": {"lines":{"total":57,"covered":47,"skipped":0,"pct":82.45},"functions":{"total":15,"covered":11,"skipped":0,"pct":73.33},"statements":{"total":58,"covered":47,"skipped":0,"pct":81.03},"branches":{"total":48,"covered":38,"skipped":0,"pct":79.16}}
,"/home/runner/work/ffn-hydrantenmap/ffn-hydrantenmap/src/app/kennzeichen/parseVehicleData.ts": {"lines":{"total":28,"covered":28,"skipped":0,"pct":100},"functions":{"total":4,"covered":4,"skipped":0,"pct":100},"statements":{"total":31,"covered":30,"skipped":0,"pct":96.77},"branches":{"total":30,"covered":16,"skipped":0,"pct":53.33}}
,"/home/runner/work/ffn-hydrantenmap/ffn-hydrantenmap/src/app/kennzeichen/queryActions.ts": {"lines":{"total":45,"covered":0,"skipped":0,"pct":0},"functions":{"total":3,"covered":0,"skipped":0,"pct":0},"statements":{"total":47,"covered":0,"skipped":0,"pct":0},"branches":{"total":26,"covered":0,"skipped":0,"pct":0}}
,"/home/runner/work/ffn-hydrantenmap/ffn-hydrantenmap/src/app/kennzeichen/queryLog.ts": {"lines":{"total":5,"covered":0,"skipped":0,"pct":0},"functions":{"total":1,"covered":0,"skipped":0,"pct":0},"statements":{"total":5,"covered":0,"skipped":0,"pct":0},"branches":{"total":0,"covered":0,"skipped":0,"pct":100}}
,"/home/runner/work/ffn-hydrantenmap/ffn-hydrantenmap/src/app/kennzeichen/tokenStore.ts": {"lines":{"total":9,"covered":0,"skipped":0,"pct":0},"functions":{"total":1,"covered":0,"skipped":0,"pct":0},"statements":{"total":11,"covered":0,"skipped":0,"pct":0},"branches":{"total":4,"covered":0,"skipped":0,"pct":0}}
,"/home/runner/work/ffn-hydrantenmap/ffn-hydrantenmap/src/app/kostenersatz/page.tsx": {"lines":{"total":12,"covered":0,"skipped":0,"pct":0},"functions":{"total":1,"covered":0,"skipped":0,"pct":0},"statements":{"total":12,"covered":0,"skipped":0,"pct":0},"branches":{"total":6,"covered":0,"skipped":0,"pct":0}}
,"/home/runner/work/ffn-hydrantenmap/ffn-hydrantenmap/src/app/loeschwasserversorgung/page.tsx": {"lines":{"total":3,"covered":0,"skipped":0,"pct":0},"functions":{"total":1,"covered":0,"skipped":0,"pct":0},"statements":{"total":3,"covered":0,"skipped":0,"pct":0},"branches":{"total":0,"covered":0,"skipped":0,"pct":100}}
,"/home/runner/work/ffn-hydrantenmap/ffn-hydrantenmap/src/app/login/page.tsx": {"lines":{"total":11,"covered":0,"skipped":0,"pct":0},"functions":{"total":3,"covered":0,"skipped":0,"pct":0},"statements":{"total":11,"covered":0,"skipped":0,"pct":0},"branches":{"total":4,"covered":0,"skipped":0,"pct":0}}
,"/home/runner/work/ffn-hydrantenmap/ffn-hydrantenmap/src/app/map/page.tsx": {"lines":{"total":2,"covered":0,"skipped":0,"pct":0},"functions":{"total":1,"covered":0,"skipped":0,"pct":0},"statements":{"total":2,"covered":0,"skipped":0,"pct":0},"branches":{"total":0,"covered":0,"skipped":0,"pct":100}}
,"/home/runner/work/ffn-hydrantenmap/ffn-hydrantenmap/src/app/oauth/consent/actions.ts": {"lines":{"total":19,"covered":0,"skipped":0,"pct":0},"functions":{"total":2,"covered":0,"skipped":0,"pct":0},"statements":{"total":19,"covered":0,"skipped":0,"pct":0},"branches":{"total":10,"covered":0,"skipped":0,"pct":0}}
,"/home/runner/work/ffn-hydrantenmap/ffn-hydrantenmap/src/app/oauth/consent/page.tsx": {"lines":{"total":18,"covered":0,"skipped":0,"pct":0},"functions":{"total":2,"covered":0,"skipped":0,"pct":0},"statements":{"total":18,"covered":0,"skipped":0,"pct":0},"branches":{"total":14,"covered":0,"skipped":0,"pct":0}}
,"/home/runner/work/ffn-hydrantenmap/ffn-hydrantenmap/src/app/oauth/fehler/page.tsx": {"lines":{"total":4,"covered":4,"skipped":0,"pct":100},"functions":{"total":1,"covered":1,"skipped":0,"pct":100},"statements":{"total":4,"covered":4,"skipped":0,"pct":100},"branches":{"total":4,"covered":4,"skipped":0,"pct":100}}
,"/home/runner/work/ffn-hydrantenmap/ffn-hydrantenmap/src/app/print/page.tsx": {"lines":{"total":2,"covered":0,"skipped":0,"pct":0},"functions":{"total":1,"covered":0,"skipped":0,"pct":0},"statements":{"total":2,"covered":0,"skipped":0,"pct":0},"branches":{"total":0,"covered":0,"skipped":0,"pct":100}}
,"/home/runner/work/ffn-hydrantenmap/ffn-hydrantenmap/src/app/profile/page.tsx": {"lines":{"total":8,"covered":0,"skipped":0,"pct":0},"functions":{"total":2,"covered":0,"skipped":0,"pct":0},"statements":{"total":8,"covered":0,"skipped":0,"pct":0},"branches":{"total":4,"covered":0,"skipped":0,"pct":0}}
,"/home/runner/work/ffn-hydrantenmap/ffn-hydrantenmap/src/app/rettungskarten/page.tsx": {"lines":{"total":35,"covered":30,"skipped":0,"pct":85.71},"functions":{"total":13,"covered":11,"skipped":0,"pct":84.61},"statements":{"total":36,"covered":31,"skipped":0,"pct":86.11},"branches":{"total":22,"covered":19,"skipped":0,"pct":86.36}}
,"/home/runner/work/ffn-hydrantenmap/ffn-hydrantenmap/src/app/rettungskarten/rescueActions.ts": {"lines":{"total":13,"covered":0,"skipped":0,"pct":0},"functions":{"total":3,"covered":0,"skipped":0,"pct":0},"statements":{"total":13,"covered":0,"skipped":0,"pct":0},"branches":{"total":2,"covered":0,"skipped":0,"pct":0}}
,"/home/runner/work/ffn-hydrantenmap/ffn-hydrantenmap/src/app/schadstoff/layout.tsx": {"lines":{"total":1,"covered":0,"skipped":0,"pct":0},"functions":{"total":1,"covered":0,"skipped":0,"pct":0},"statements":{"total":1,"covered":0,"skipped":0,"pct":0},"branches":{"total":0,"covered":0,"skipped":0,"pct":100}}
,"/home/runner/work/ffn-hydrantenmap/ffn-hydrantenmap/src/app/schadstoff/page.tsx": {"lines":{"total":1,"covered":0,"skipped":0,"pct":0},"functions":{"total":1,"covered":0,"skipped":0,"pct":0},"statements":{"total":1,"covered":0,"skipped":0,"pct":0},"branches":{"total":0,"covered":0,"skipped":0,"pct":100}}
,"/home/runner/work/ffn-hydrantenmap/ffn-hydrantenmap/src/app/schadstoff/datenbank/page.tsx": {"lines":{"total":1,"covered":0,"skipped":0,"pct":0},"functions":{"total":1,"covered":0,"skipped":0,"pct":0},"statements":{"total":1,"covered":0,"skipped":0,"pct":0},"branches":{"total":0,"covered":0,"skipped":0,"pct":100}}
,"/home/runner/work/ffn-hydrantenmap/ffn-hydrantenmap/src/app/schadstoff/dosimetrie/page.tsx": {"lines":{"total":5,"covered":0,"skipped":0,"pct":0},"functions":{"total":3,"covered":0,"skipped":0,"pct":0},"statements":{"total":5,"covered":0,"skipped":0,"pct":0},"branches":{"total":0,"covered":0,"skipped":0,"pct":100}}
,"/home/runner/work/ffn-hydrantenmap/ffn-hydrantenmap/src/app/schadstoff/energiespektrum/page.tsx": {"lines":{"total":5,"covered":0,"skipped":0,"pct":0},"functions":{"total":3,"covered":0,"skipped":0,"pct":0},"statements":{"total":5,"covered":0,"skipped":0,"pct":0},"branches":{"total":0,"covered":0,"skipped":0,"pct":100}}
,"/home/runner/work/ffn-hydrantenmap/ffn-hydrantenmap/src/app/schadstoff/strahlenschutz/page.tsx": {"lines":{"total":1,"covered":0,"skipped":0,"pct":0},"functions":{"total":1,"covered":0,"skipped":0,"pct":0},"statements":{"total":1,"covered":0,"skipped":0,"pct":0},"branches":{"total":0,"covered":0,"skipped":0,"pct":100}}
,"/home/runner/work/ffn-hydrantenmap/ffn-hydrantenmap/src/app/serwist/[path]/route.ts": {"lines":{"total":1,"covered":0,"skipped":0,"pct":0},"functions":{"total":0,"covered":0,"skipped":0,"pct":100},"statements":{"total":1,"covered":0,"skipped":0,"pct":0},"branches":{"total":0,"covered":0,"skipped":0,"pct":100}}
,"/home/runner/work/ffn-hydrantenmap/ffn-hydrantenmap/src/app/tagebuch/page.tsx": {"lines":{"total":2,"covered":0,"skipped":0,"pct":0},"functions":{"total":1,"covered":0,"skipped":0,"pct":0},"statements":{"total":2,"covered":0,"skipped":0,"pct":0},"branches":{"total":0,"covered":0,"skipped":0,"pct":100}}
,"/home/runner/work/ffn-hydrantenmap/ffn-hydrantenmap/src/app/tokens/page.tsx": {"lines":{"total":2,"covered":0,"skipped":0,"pct":0},"functions":{"total":1,"covered":0,"skipped":0,"pct":0},"statements":{"total":2,"covered":0,"skipped":0,"pct":0},"branches":{"total":0,"covered":0,"skipped":0,"pct":100}}
,"/home/runner/work/ffn-hydrantenmap/ffn-hydrantenmap/src/app/undefined/page.tsx": {"lines":{"total":2,"covered":0,"skipped":0,"pct":0},"functions":{"total":1,"covered":0,"skipped":0,"pct":0},"statements":{"total":2,"covered":0,"skipped":0,"pct":0},"branches":{"total":0,"covered":0,"skipped":0,"pct":100}}
,"/home/runner/work/ffn-hydrantenmap/ffn-hydrantenmap/src/app/users/action.ts": {"lines":{"total":16,"covered":0,"skipped":0,"pct":0},"functions":{"total":5,"covered":0,"skipped":0,"pct":0},"statements":{"total":16,"covered":0,"skipped":0,"pct":0},"branches":{"total":4,"covered":0,"skipped":0,"pct":0}}
,"/home/runner/work/ffn-hydrantenmap/ffn-hydrantenmap/src/app/users/filterUsers.ts": {"lines":{"total":16,"covered":14,"skipped":0,"pct":87.5},"functions":{"total":4,"covered":4,"skipped":0,"pct":100},"statements":{"total":17,"covered":15,"skipped":0,"pct":88.23},"branches":{"total":24,"covered":20,"skipped":0,"pct":83.33}}
,"/home/runner/work/ffn-hydrantenmap/ffn-hydrantenmap/src/app/users/page.tsx": {"lines":{"total":64,"covered":0,"skipped":0,"pct":0},"functions":{"total":33,"covered":0,"skipped":0,"pct":0},"statements":{"total":68,"covered":0,"skipped":0,"pct":0},"branches":{"total":27,"covered":0,"skipped":0,"pct":0}}
,"/home/runner/work/ffn-hydrantenmap/ffn-hydrantenmap/src/app/verbundene-anwendungen/actions.ts": {"lines":{"total":7,"covered":0,"skipped":0,"pct":0},"functions":{"total":2,"covered":0,"skipped":0,"pct":0},"statements":{"total":7,"covered":0,"skipped":0,"pct":0},"branches":{"total":0,"covered":0,"skipped":0,"pct":100}}
,"/home/runner/work/ffn-hydrantenmap/ffn-hydrantenmap/src/app/verbundene-anwendungen/page.tsx": {"lines":{"total":8,"covered":0,"skipped":0,"pct":0},"functions":{"total":2,"covered":0,"skipped":0,"pct":0},"statements":{"total":8,"covered":0,"skipped":0,"pct":0},"branches":{"total":4,"covered":0,"skipped":0,"pct":0}}
,"/home/runner/work/ffn-hydrantenmap/ffn-hydrantenmap/src/app/wetter/[stationId]/page.tsx": {"lines":{"total":3,"covered":0,"skipped":0,"pct":0},"functions":{"total":1,"covered":0,"skipped":0,"pct":0},"statements":{"total":3,"covered":0,"skipped":0,"pct":0},"branches":{"total":0,"covered":0,"skipped":0,"pct":100}}
,"/home/runner/work/ffn-hydrantenmap/ffn-hydrantenmap/src/common/ai.ts": {"lines":{"total":1,"covered":0,"skipped":0,"pct":0},"functions":{"total":0,"covered":0,"skipped":0,"pct":100},"statements":{"total":1,"covered":0,"skipped":0,"pct":0},"branches":{"total":0,"covered":0,"skipped":0,"pct":100}}
,"/home/runner/work/ffn-hydrantenmap/ffn-hydrantenmap/src/common/appEnvironment.ts": {"lines":{"total":3,"covered":3,"skipped":0,"pct":100},"functions":{"total":2,"covered":2,"skipped":0,"pct":100},"statements":{"total":3,"covered":3,"skipped":0,"pct":100},"branches":{"total":2,"covered":2,"skipped":0,"pct":100}}
,"/home/runner/work/ffn-hydrantenmap/ffn-hydrantenmap/src/common/arrayUtils.ts": {"lines":{"total":1,"covered":1,"skipped":0,"pct":100},"functions":{"total":2,"covered":2,"skipped":0,"pct":100},"statements":{"total":2,"covered":2,"skipped":0,"pct":100},"branches":{"total":0,"covered":0,"skipped":0,"pct":100}}
,"/home/runner/work/ffn-hydrantenmap/ffn-hydrantenmap/src/common/atemschutz.ts": {"lines":{"total":285,"covered":282,"skipped":0,"pct":98.94},"functions":{"total":72,"covered":71,"skipped":0,"pct":98.61},"statements":{"total":354,"covered":347,"skipped":0,"pct":98.02},"branches":{"total":282,"covered":248,"skipped":0,"pct":87.94}}
,"/home/runner/work/ffn-hydrantenmap/ffn-hydrantenmap/src/common/atemschutzImport.ts": {"lines":{"total":104,"covered":104,"skipped":0,"pct":100},"functions":{"total":17,"covered":17,"skipped":0,"pct":100},"statements":{"total":129,"covered":128,"skipped":0,"pct":99.22},"branches":{"total":100,"covered":92,"skipped":0,"pct":92}}
,"/home/runner/work/ffn-hydrantenmap/ffn-hydrantenmap/src/common/atemschutzPush.ts": {"lines":{"total":4,"covered":3,"skipped":0,"pct":75},"functions":{"total":3,"covered":2,"skipped":0,"pct":66.66},"statements":{"total":4,"covered":3,"skipped":0,"pct":75},"branches":{"total":0,"covered":0,"skipped":0,"pct":100}}
,"/home/runner/work/ffn-hydrantenmap/ffn-hydrantenmap/src/common/atemschutzRechnung.ts": {"lines":{"total":71,"covered":66,"skipped":0,"pct":92.95},"functions":{"total":21,"covered":20,"skipped":0,"pct":95.23},"statements":{"total":92,"covered":82,"skipped":0,"pct":89.13},"branches":{"total":79,"covered":60,"skipped":0,"pct":75.94}}
,"/home/runner/work/ffn-hydrantenmap/ffn-hydrantenmap/src/common/atemschutzUeberwachung.ts": {"lines":{"total":134,"covered":134,"skipped":0,"pct":100},"functions":{"total":35,"covered":35,"skipped":0,"pct":100},"statements":{"total":159,"covered":154,"skipped":0,"pct":96.85},"branches":{"total":169,"covered":159,"skipped":0,"pct":94.08}}
,"/home/runner/work/ffn-hydrantenmap/ffn-hydrantenmap/src/common/attachmentName.ts": {"lines":{"total":4,"covered":4,"skipped":0,"pct":100},"functions":{"total":2,"covered":2,"skipped":0,"pct":100},"statements":{"total":4,"covered":4,"skipped":0,"pct":100},"branches":{"total":2,"covered":2,"skipped":0,"pct":100}}
,"/home/runner/work/ffn-hydrantenmap/ffn-hydrantenmap/src/common/blaulichtsms.ts": {"lines":{"total":0,"covered":0,"skipped":0,"pct":100},"functions":{"total":0,"covered":0,"skipped":0,"pct":100},"statements":{"total":0,"covered":0,"skipped":0,"pct":100},"branches":{"total":0,"covered":0,"skipped":0,"pct":100}}
,"/home/runner/work/ffn-hydrantenmap/ffn-hydrantenmap/src/common/boolish.ts": {"lines":{"total":1,"covered":1,"skipped":0,"pct":100},"functions":{"total":1,"covered":1,"skipped":0,"pct":100},"statements":{"total":1,"covered":1,"skipped":0,"pct":100},"branches":{"total":2,"covered":2,"skipped":0,"pct":100}}
,"/home/runner/work/ffn-hydrantenmap/ffn-hydrantenmap/src/common/bugReport.ts": {"lines":{"total":11,"covered":11,"skipped":0,"pct":100},"functions":{"total":0,"covered":0,"skipped":0,"pct":100},"statements":{"total":11,"covered":11,"skipped":0,"pct":100},"branches":{"total":0,"covered":0,"skipped":0,"pct":100}}
,"/home/runner/work/ffn-hydrantenmap/ffn-hydrantenmap/src/common/bugReportDate.ts": {"lines":{"total":17,"covered":17,"skipped":0,"pct":100},"functions":{"total":2,"covered":2,"skipped":0,"pct":100},"statements":{"total":20,"covered":20,"skipped":0,"pct":100},"branches":{"total":31,"covered":27,"skipped":0,"pct":87.09}}
,"/home/runner/work/ffn-hydrantenmap/ffn-hydrantenmap/src/common/bugReportTracking.ts": {"lines":{"total":57,"covered":56,"skipped":0,"pct":98.24},"functions":{"total":5,"covered":5,"skipped":0,"pct":100},"statements":{"total":61,"covered":60,"skipped":0,"pct":98.36},"branches":{"total":62,"covered":52,"skipped":0,"pct":83.87}}
,"/home/runner/work/ffn-hydrantenmap/ffn-hydrantenmap/src/common/chat.ts": {"lines":{"total":0,"covered":0,"skipped":0,"pct":100},"functions":{"total":0,"covered":0,"skipped":0,"pct":100},"statements":{"total":0,"covered":0,"skipped":0,"pct":100},"branches":{"total":0,"covered":0,"skipped":0,"pct":100}}
,"/home/runner/work/ffn-hydrantenmap/ffn-hydrantenmap/src/common/closeTopmostModal.ts": {"lines":{"total":8,"covered":7,"skipped":0,"pct":87.5},"functions":{"total":1,"covered":1,"skipped":0,"pct":100},"statements":{"total":8,"covered":7,"skipped":0,"pct":87.5},"branches":{"total":4,"covered":3,"skipped":0,"pct":75}}
,"/home/runner/work/ffn-hydrantenmap/ffn-hydrantenmap/src/common/clusterGeohash.ts": {"lines":{"total":11,"covered":11,"skipped":0,"pct":100},"functions":{"total":1,"covered":1,"skipped":0,"pct":100},"statements":{"total":12,"covered":12,"skipped":0,"pct":100},"branches":{"total":2,"covered":2,"skipped":0,"pct":100}}
,"/home/runner/work/ffn-hydrantenmap/ffn-hydrantenmap/src/common/code128.ts": {"lines":{"total":38,"covered":38,"skipped":0,"pct":100},"functions":{"total":7,"covered":7,"skipped":0,"pct":100},"statements":{"total":45,"covered":45,"skipped":0,"pct":100},"branches":{"total":20,"covered":16,"skipped":0,"pct":80}}
,"/home/runner/work/ffn-hydrantenmap/ffn-hydrantenmap/src/common/computeFieldValue.ts": {"lines":{"total":25,"covered":24,"skipped":0,"pct":96},"functions":{"total":3,"covered":3,"skipped":0,"pct":100},"statements":{"total":27,"covered":26,"skipped":0,"pct":96.29},"branches":{"total":22,"covered":21,"skipped":0,"pct":95.45}}
,"/home/runner/work/ffn-hydrantenmap/ffn-hydrantenmap/src/common/defaultKostenersatzRates.ts": {"lines":{"total":25,"covered":12,"skipped":0,"pct":48},"functions":{"total":11,"covered":3,"skipped":0,"pct":27.27},"statements":{"total":28,"covered":13,"skipped":0,"pct":46.42},"branches":{"total":6,"covered":1,"skipped":0,"pct":16.66}}
,"/home/runner/work/ffn-hydrantenmap/ffn-hydrantenmap/src/common/doseFormat.ts": {"lines":{"total":18,"covered":18,"skipped":0,"pct":100},"functions":{"total":5,"covered":5,"skipped":0,"pct":100},"statements":{"total":23,"covered":23,"skipped":0,"pct":100},"branches":{"total":12,"covered":12,"skipped":0,"pct":100}}
,"/home/runner/work/ffn-hydrantenmap/ffn-hydrantenmap/src/common/drive.ts": {"lines":{"total":4,"covered":4,"skipped":0,"pct":100},"functions":{"total":0,"covered":0,"skipped":0,"pct":100},"statements":{"total":4,"covered":4,"skipped":0,"pct":100},"branches":{"total":0,"covered":0,"skipped":0,"pct":100}}
,"/home/runner/work/ffn-hydrantenmap/ffn-hydrantenmap/src/common/driveFolderName.ts": {"lines":{"total":12,"covered":12,"skipped":0,"pct":100},"functions":{"total":5,"covered":5,"skipped":0,"pct":100},"statements":{"total":13,"covered":13,"skipped":0,"pct":100},"branches":{"total":12,"covered":11,"skipped":0,"pct":91.66}}
,"/home/runner/work/ffn-hydrantenmap/ffn-hydrantenmap/src/common/epcQr.ts": {"lines":{"total":19,"covered":19,"skipped":0,"pct":100},"functions":{"total":3,"covered":3,"skipped":0,"pct":100},"statements":{"total":23,"covered":23,"skipped":0,"pct":100},"branches":{"total":14,"covered":13,"skipped":0,"pct":92.85}}
,"/home/runner/work/ffn-hydrantenmap/ffn-hydrantenmap/src/common/fahrtenbuch.ts": {"lines":{"total":142,"covered":142,"skipped":0,"pct":100},"functions":{"total":32,"covered":32,"skipped":0,"pct":100},"statements":{"total":174,"covered":171,"skipped":0,"pct":98.27},"branches":{"total":170,"covered":159,"skipped":0,"pct":93.52}}
,"/home/runner/work/ffn-hydrantenmap/ffn-hydrantenmap/src/common/fahrtenbuchAutoFill.ts": {"lines":{"total":36,"covered":36,"skipped":0,"pct":100},"functions":{"total":8,"covered":8,"skipped":0,"pct":100},"statements":{"total":43,"covered":43,"skipped":0,"pct":100},"branches":{"total":24,"covered":24,"skipped":0,"pct":100}}
,"/home/runner/work/ffn-hydrantenmap/ffn-hydrantenmap/src/common/fahrtenbuchEinsatzKm.ts": {"lines":{"total":15,"covered":15,"skipped":0,"pct":100},"functions":{"total":3,"covered":3,"skipped":0,"pct":100},"statements":{"total":19,"covered":19,"skipped":0,"pct":100},"branches":{"total":13,"covered":13,"skipped":0,"pct":100}}
,"/home/runner/work/ffn-hydrantenmap/ffn-hydrantenmap/src/common/fahrtenbuchListFilter.ts": {"lines":{"total":50,"covered":50,"skipped":0,"pct":100},"functions":{"total":17,"covered":17,"skipped":0,"pct":100},"statements":{"total":67,"covered":66,"skipped":0,"pct":98.5},"branches":{"total":83,"covered":82,"skipped":0,"pct":98.79}}
,"/home/runner/work/ffn-hydrantenmap/ffn-hydrantenmap/src/common/fahrtenbuchShare.ts": {"lines":{"total":16,"covered":16,"skipped":0,"pct":100},"functions":{"total":6,"covered":6,"skipped":0,"pct":100},"statements":{"total":22,"covered":22,"skipped":0,"pct":100},"branches":{"total":26,"covered":21,"skipped":0,"pct":80.76}}
,"/home/runner/work/ffn-hydrantenmap/ffn-hydrantenmap/src/common/fahrtenbuchStats.ts": {"lines":{"total":127,"covered":123,"skipped":0,"pct":96.85},"functions":{"total":28,"covered":27,"skipped":0,"pct":96.42},"statements":{"total":174,"covered":157,"skipped":0,"pct":90.22},"branches":{"total":161,"covered":136,"skipped":0,"pct":84.47}}
,"/home/runner/work/ffn-hydrantenmap/ffn-hydrantenmap/src/common/fahrtenbuchStatsRange.ts": {"lines":{"total":18,"covered":18,"skipped":0,"pct":100},"functions":{"total":1,"covered":1,"skipped":0,"pct":100},"statements":{"total":19,"covered":19,"skipped":0,"pct":100},"branches":{"total":16,"covered":16,"skipped":0,"pct":100}}
,"/home/runner/work/ffn-hydrantenmap/ffn-hydrantenmap/src/common/fahrtenbuchStatsSeries.ts": {"lines":{"total":172,"covered":171,"skipped":0,"pct":99.41},"functions":{"total":40,"covered":40,"skipped":0,"pct":100},"statements":{"total":192,"covered":188,"skipped":0,"pct":97.91},"branches":{"total":148,"covered":134,"skipped":0,"pct":90.54}}
,"/home/runner/work/ffn-hydrantenmap/ffn-hydrantenmap/src/common/fetchTargetGuard.ts": {"lines":{"total":33,"covered":33,"skipped":0,"pct":100},"functions":{"total":6,"covered":6,"skipped":0,"pct":100},"statements":{"total":50,"covered":48,"skipped":0,"pct":96},"branches":{"total":61,"covered":57,"skipped":0,"pct":93.44}}
,"/home/runner/work/ffn-hydrantenmap/ffn-hydrantenmap/src/common/feuerwehren.ts": {"lines":{"total":1,"covered":1,"skipped":0,"pct":100},"functions":{"total":0,"covered":0,"skipped":0,"pct":100},"statements":{"total":1,"covered":1,"skipped":0,"pct":100},"branches":{"total":0,"covered":0,"skipped":0,"pct":100}}
,"/home/runner/work/ffn-hydrantenmap/ffn-hydrantenmap/src/common/firecallGuest.ts": {"lines":{"total":14,"covered":14,"skipped":0,"pct":100},"functions":{"total":5,"covered":5,"skipped":0,"pct":100},"statements":{"total":14,"covered":14,"skipped":0,"pct":100},"branches":{"total":10,"covered":10,"skipped":0,"pct":100}}
,"/home/runner/work/ffn-hydrantenmap/ffn-hydrantenmap/src/common/firecallShareLink.ts": {"lines":{"total":13,"covered":13,"skipped":0,"pct":100},"functions":{"total":3,"covered":3,"skipped":0,"pct":100},"statements":{"total":13,"covered":13,"skipped":0,"pct":100},"branches":{"total":12,"covered":12,"skipped":0,"pct":100}}
,"/home/runner/work/ffn-hydrantenmap/ffn-hydrantenmap/src/common/fuellprotokollCsv.ts": {"lines":{"total":119,"covered":116,"skipped":0,"pct":97.47},"functions":{"total":28,"covered":28,"skipped":0,"pct":100},"statements":{"total":144,"covered":136,"skipped":0,"pct":94.44},"branches":{"total":153,"covered":131,"skipped":0,"pct":85.62}}
,"/home/runner/work/ffn-hydrantenmap/ffn-hydrantenmap/src/common/geo.ts": {"lines":{"total":24,"covered":17,"skipped":0,"pct":70.83},"functions":{"total":11,"covered":10,"skipped":0,"pct":90.9},"statements":{"total":24,"covered":17,"skipped":0,"pct":70.83},"branches":{"total":15,"covered":13,"skipped":0,"pct":86.66}}
,"/home/runner/work/ffn-hydrantenmap/ffn-hydrantenmap/src/common/gis-objects.ts": {"lines":{"total":1,"covered":1,"skipped":0,"pct":100},"functions":{"total":0,"covered":0,"skipped":0,"pct":100},"statements":{"total":1,"covered":1,"skipped":0,"pct":100},"branches":{"total":0,"covered":0,"skipped":0,"pct":100}}
,"/home/runner/work/ffn-hydrantenmap/ffn-hydrantenmap/src/common/groupPermissions.ts": {"lines":{"total":3,"covered":3,"skipped":0,"pct":100},"functions":{"total":2,"covered":2,"skipped":0,"pct":100},"statements":{"total":4,"covered":4,"skipped":0,"pct":100},"branches":{"total":9,"covered":9,"skipped":0,"pct":100}}
,"/home/runner/work/ffn-hydrantenmap/ffn-hydrantenmap/src/common/groupStammdaten.ts": {"lines":{"total":31,"covered":28,"skipped":0,"pct":90.32},"functions":{"total":9,"covered":8,"skipped":0,"pct":88.88},"statements":{"total":41,"covered":33,"skipped":0,"pct":80.48},"branches":{"total":37,"covered":27,"skipped":0,"pct":72.97}}
,"/home/runner/work/ffn-hydrantenmap/ffn-hydrantenmap/src/common/hazmat.ts": {"lines":{"total":0,"covered":0,"skipped":0,"pct":100},"functions":{"total":0,"covered":0,"skipped":0,"pct":100},"statements":{"total":0,"covered":0,"skipped":0,"pct":100},"branches":{"total":0,"covered":0,"skipped":0,"pct":100}}
,"/home/runner/work/ffn-hydrantenmap/ffn-hydrantenmap/src/common/heatmap.ts": {"lines":{"total":100,"covered":3,"skipped":0,"pct":3},"functions":{"total":17,"covered":0,"skipped":0,"pct":0},"statements":{"total":126,"covered":3,"skipped":0,"pct":2.38},"branches":{"total":84,"covered":0,"skipped":0,"pct":0}}
,"/home/runner/work/ffn-hydrantenmap/ffn-hydrantenmap/src/common/html.ts": {"lines":{"total":1,"covered":1,"skipped":0,"pct":100},"functions":{"total":1,"covered":1,"skipped":0,"pct":100},"statements":{"total":1,"covered":1,"skipped":0,"pct":100},"branches":{"total":0,"covered":0,"skipped":0,"pct":100}}
,"/home/runner/work/ffn-hydrantenmap/ffn-hydrantenmap/src/common/internalDomains.ts": {"lines":{"total":2,"covered":2,"skipped":0,"pct":100},"functions":{"total":2,"covered":2,"skipped":0,"pct":100},"statements":{"total":3,"covered":3,"skipped":0,"pct":100},"branches":{"total":2,"covered":2,"skipped":0,"pct":100}}
,"/home/runner/work/ffn-hydrantenmap/ffn-hydrantenmap/src/common/interpolation.ts": {"lines":{"total":0,"covered":0,"skipped":0,"pct":100},"functions":{"total":0,"covered":0,"skipped":0,"pct":100},"statements":{"total":0,"covered":0,"skipped":0,"pct":100},"branches":{"total":0,"covered":0,"skipped":0,"pct":100}}
,"/home/runner/work/ffn-hydrantenmap/ffn-hydrantenmap/src/common/knownWmsServices.ts": {"lines":{"total":5,"covered":5,"skipped":0,"pct":100},"functions":{"total":2,"covered":2,"skipped":0,"pct":100},"statements":{"total":6,"covered":6,"skipped":0,"pct":100},"branches":{"total":2,"covered":2,"skipped":0,"pct":100}}
,"/home/runner/work/ffn-hydrantenmap/ffn-hydrantenmap/src/common/kostenersatz.ts": {"lines":{"total":86,"covered":48,"skipped":0,"pct":55.81},"functions":{"total":22,"covered":15,"skipped":0,"pct":68.18},"statements":{"total":97,"covered":53,"skipped":0,"pct":54.63},"branches":{"total":63,"covered":32,"skipped":0,"pct":50.79}}
,"/home/runner/work/ffn-hydrantenmap/ffn-hydrantenmap/src/common/kostenersatzEmail.ts": {"lines":{"total":26,"covered":21,"skipped":0,"pct":80.76},"functions":{"total":9,"covered":6,"skipped":0,"pct":66.66},"statements":{"total":26,"covered":21,"skipped":0,"pct":80.76},"branches":{"total":22,"covered":16,"skipped":0,"pct":72.72}}
,"/home/runner/work/ffn-hydrantenmap/ffn-hydrantenmap/src/common/liveLocation.ts": {"lines":{"total":45,"covered":44,"skipped":0,"pct":97.77},"functions":{"total":8,"covered":8,"skipped":0,"pct":100},"statements":{"total":56,"covered":55,"skipped":0,"pct":98.21},"branches":{"total":32,"covered":31,"skipped":0,"pct":96.87}}
,"/home/runner/work/ffn-hydrantenmap/ffn-hydrantenmap/src/common/liveLocationDevice.ts": {"lines":{"total":20,"covered":17,"skipped":0,"pct":85},"functions":{"total":4,"covered":4,"skipped":0,"pct":100},"statements":{"total":25,"covered":19,"skipped":0,"pct":76},"branches":{"total":14,"covered":9,"skipped":0,"pct":64.28}}
,"/home/runner/work/ffn-hydrantenmap/ffn-hydrantenmap/src/common/mangel.ts": {"lines":{"total":76,"covered":76,"skipped":0,"pct":100},"functions":{"total":16,"covered":16,"skipped":0,"pct":100},"statements":{"total":90,"covered":89,"skipped":0,"pct":98.88},"branches":{"total":99,"covered":92,"skipped":0,"pct":92.92}}
,"/home/runner/work/ffn-hydrantenmap/ffn-hydrantenmap/src/common/mapLayerFromCapabilities.ts": {"lines":{"total":44,"covered":44,"skipped":0,"pct":100},"functions":{"total":19,"covered":19,"skipped":0,"pct":100},"statements":{"total":57,"covered":57,"skipped":0,"pct":100},"branches":{"total":37,"covered":34,"skipped":0,"pct":91.89}}
,"/home/runner/work/ffn-hydrantenmap/ffn-hydrantenmap/src/common/mapLayers.ts": {"lines":{"total":77,"covered":75,"skipped":0,"pct":97.4},"functions":{"total":17,"covered":17,"skipped":0,"pct":100},"statements":{"total":96,"covered":89,"skipped":0,"pct":92.7},"branches":{"total":103,"covered":92,"skipped":0,"pct":89.32}}
,"/home/runner/work/ffn-hydrantenmap/ffn-hydrantenmap/src/common/markerSvg.ts": {"lines":{"total":10,"covered":10,"skipped":0,"pct":100},"functions":{"total":3,"covered":3,"skipped":0,"pct":100},"statements":{"total":10,"covered":10,"skipped":0,"pct":100},"branches":{"total":3,"covered":3,"skipped":0,"pct":100}}
,"/home/runner/work/ffn-hydrantenmap/ffn-hydrantenmap/src/common/nuclidePeakLines.ts": {"lines":{"total":9,"covered":9,"skipped":0,"pct":100},"functions":{"total":3,"covered":3,"skipped":0,"pct":100},"statements":{"total":12,"covered":11,"skipped":0,"pct":91.66},"branches":{"total":4,"covered":3,"skipped":0,"pct":75}}
,"/home/runner/work/ffn-hydrantenmap/ffn-hydrantenmap/src/common/nuclidesAtEnergy.ts": {"lines":{"total":17,"covered":17,"skipped":0,"pct":100},"functions":{"total":2,"covered":2,"skipped":0,"pct":100},"statements":{"total":19,"covered":19,"skipped":0,"pct":100},"branches":{"total":12,"covered":10,"skipped":0,"pct":83.33}}
,"/home/runner/work/ffn-hydrantenmap/ffn-hydrantenmap/src/common/osm.ts": {"lines":{"total":0,"covered":0,"skipped":0,"pct":100},"functions":{"total":0,"covered":0,"skipped":0,"pct":100},"statements":{"total":0,"covered":0,"skipped":0,"pct":100},"branches":{"total":0,"covered":0,"skipped":0,"pct":100}}
,"/home/runner/work/ffn-hydrantenmap/ffn-hydrantenmap/src/common/passkey.ts": {"lines":{"total":4,"covered":4,"skipped":0,"pct":100},"functions":{"total":1,"covered":1,"skipped":0,"pct":100},"statements":{"total":4,"covered":4,"skipped":0,"pct":100},"branches":{"total":0,"covered":0,"skipped":0,"pct":100}}
,"/home/runner/work/ffn-hydrantenmap/ffn-hydrantenmap/src/common/polylineCodec.ts": {"lines":{"total":43,"covered":43,"skipped":0,"pct":100},"functions":{"total":4,"covered":4,"skipped":0,"pct":100},"statements":{"total":47,"covered":46,"skipped":0,"pct":97.87},"branches":{"total":14,"covered":13,"skipped":0,"pct":92.85}}
,"/home/runner/work/ffn-hydrantenmap/ffn-hydrantenmap/src/common/promise.ts": {"lines":{"total":15,"covered":8,"skipped":0,"pct":53.33},"functions":{"total":7,"covered":2,"skipped":0,"pct":28.57},"statements":{"total":15,"covered":8,"skipped":0,"pct":53.33},"branches":{"total":0,"covered":0,"skipped":0,"pct":100}}
,"/home/runner/work/ffn-hydrantenmap/ffn-hydrantenmap/src/common/publicRoutes.ts": {"lines":{"total":3,"covered":3,"skipped":0,"pct":100},"functions":{"total":2,"covered":2,"skipped":0,"pct":100},"statements":{"total":5,"covered":5,"skipped":0,"pct":100},"branches":{"total":2,"covered":2,"skipped":0,"pct":100}}
,"/home/runner/work/ffn-hydrantenmap/ffn-hydrantenmap/src/common/safeCallbackUrl.ts": {"lines":{"total":7,"covered":7,"skipped":0,"pct":100},"functions":{"total":1,"covered":1,"skipped":0,"pct":100},"statements":{"total":7,"covered":7,"skipped":0,"pct":100},"branches":{"total":8,"covered":8,"skipped":0,"pct":100}}
[...]
,"/home/runner/work/ffn-hydrantenmap/ffn-hydrantenmap/src/server/fahrtenbuchShare/loadShareFormData.ts": {"lines":{"total":11,"covered":10,"skipped":0,"pct":90.9},"functions":{"total":7,"covered":6,"skipped":0,"pct":85.71},"statements":{"total":12,"covered":11,"skipped":0,"pct":91.66},"branches":{"total":2,"covered":2,"skipped":0,"pct":100}}
,"/home/runner/work/ffn-hydrantenmap/ffn-hydrantenmap/src/server/fahrtenbuchShare/shareToken.ts": {"lines":{"total":2,"covered":2,"skipped":0,"pct":100},"functions":{"total":2,"covered":2,"skipped":0,"pct":100},"statements":{"total":2,"covered":2,"skipped":0,"pct":100},"branches":{"total":0,"covered":0,"skipped":0,"pct":100}}
,"/home/runner/work/ffn-hydrantenmap/ffn-hydrantenmap/src/server/firebase/admin.ts": {"lines":{"total":11,"covered":8,"skipped":0,"pct":72.72},"functions":{"total":3,"covered":0,"skipped":0,"pct":0},"statements":{"total":11,"covered":8,"skipped":0,"pct":72.72},"branches":{"total":4,"covered":2,"skipped":0,"pct":50}}
,"/home/runner/work/ffn-hydrantenmap/ffn-hydrantenmap/src/server/firebase/appCheck.ts": {"lines":{"total":12,"covered":12,"skipped":0,"pct":100},"functions":{"total":2,"covered":2,"skipped":0,"pct":100},"statements":{"total":12,"covered":12,"skipped":0,"pct":100},"branches":{"total":8,"covered":7,"skipped":0,"pct":87.5}}
,"/home/runner/work/ffn-hydrantenmap/ffn-hydrantenmap/src/server/firebase/import.ts": {"lines":{"total":19,"covered":0,"skipped":0,"pct":0},"functions":{"total":2,"covered":0,"skipped":0,"pct":0},"statements":{"total":19,"covered":0,"skipped":0,"pct":0},"branches":{"total":10,"covered":0,"skipped":0,"pct":0}}
,"/home/runner/work/ffn-hydrantenmap/ffn-hydrantenmap/src/server/firebase/project.ts": {"lines":{"total":12,"covered":1,"skipped":0,"pct":8.33},"functions":{"total":1,"covered":0,"skipped":0,"pct":0},"statements":{"total":13,"covered":1,"skipped":0,"pct":7.69},"branches":{"total":11,"covered":0,"skipped":0,"pct":0}}
,"/home/runner/work/ffn-hydrantenmap/ffn-hydrantenmap/src/server/firebase/storageBucket.ts": {"lines":{"total":2,"covered":0,"skipped":0,"pct":0},"functions":{"total":1,"covered":0,"skipped":0,"pct":0},"statements":{"total":2,"covered":0,"skipped":0,"pct":0},"branches":{"total":0,"covered":0,"skipped":0,"pct":100}}
,"/home/runner/work/ffn-hydrantenmap/ffn-hydrantenmap/src/server/groups/requireStammdaten.ts": {"lines":{"total":12,"covered":12,"skipped":0,"pct":100},"functions":{"total":3,"covered":3,"skipped":0,"pct":100},"statements":{"total":13,"covered":13,"skipped":0,"pct":100},"branches":{"total":4,"covered":4,"skipped":0,"pct":100}}
,"/home/runner/work/ffn-hydrantenmap/ffn-hydrantenmap/src/server/groups/stammdatenStore.ts": {"lines":{"total":25,"covered":0,"skipped":0,"pct":0},"functions":{"total":6,"covered":0,"skipped":0,"pct":0},"statements":{"total":28,"covered":0,"skipped":0,"pct":0},"branches":{"total":10,"covered":0,"skipped":0,"pct":0}}
,"/home/runner/work/ffn-hydrantenmap/ffn-hydrantenmap/src/server/mail/buildMailMessage.ts": {"lines":{"total":7,"covered":7,"skipped":0,"pct":100},"functions":{"total":2,"covered":2,"skipped":0,"pct":100},"statements":{"total":7,"covered":7,"skipped":0,"pct":100},"branches":{"total":7,"covered":7,"skipped":0,"pct":100}}
,"/home/runner/work/ffn-hydrantenmap/ffn-hydrantenmap/src/server/mail/sendRawMail.ts": {"lines":{"total":9,"covered":8,"skipped":0,"pct":88.88},"functions":{"total":2,"covered":2,"skipped":0,"pct":100},"statements":{"total":10,"covered":8,"skipped":0,"pct":80},"branches":{"total":6,"covered":3,"skipped":0,"pct":50}}
,"/home/runner/work/ffn-hydrantenmap/ffn-hydrantenmap/src/server/mcp/authorizeFirecall.ts": {"lines":{"total":6,"covered":0,"skipped":0,"pct":0},"functions":{"total":2,"covered":0,"skipped":0,"pct":0},"statements":{"total":6,"covered":0,"skipped":0,"pct":0},"branches":{"total":7,"covered":0,"skipped":0,"pct":0}}
,"/home/runner/work/ffn-hydrantenmap/ffn-hydrantenmap/src/server/mcp/calcTools.ts": {"lines":{"total":45,"covered":8,"skipped":0,"pct":17.77},"functions":{"total":11,"covered":2,"skipped":0,"pct":18.18},"statements":{"total":45,"covered":8,"skipped":0,"pct":17.77},"branches":{"total":54,"covered":0,"skipped":0,"pct":0}}
,"/home/runner/work/ffn-hydrantenmap/ffn-hydrantenmap/src/server/mcp/clusterQuery.ts": {"lines":{"total":5,"covered":0,"skipped":0,"pct":0},"functions":{"total":4,"covered":0,"skipped":0,"pct":0},"statements":{"total":6,"covered":0,"skipped":0,"pct":0},"branches":{"total":0,"covered":0,"skipped":0,"pct":100}}
,"/home/runner/work/ffn-hydrantenmap/ffn-hydrantenmap/src/server/mcp/firecallData.ts": {"lines":{"total":53,"covered":3,"skipped":0,"pct":5.66},"functions":{"total":30,"covered":0,"skipped":0,"pct":0},"statements":{"total":53,"covered":3,"skipped":0,"pct":5.66},"branches":{"total":35,"covered":0,"skipped":0,"pct":0}}
,"/home/runner/work/ffn-hydrantenmap/ffn-hydrantenmap/src/server/mcp/mcpServer.ts": {"lines":{"total":12,"covered":12,"skipped":0,"pct":100},"functions":{"total":1,"covered":1,"skipped":0,"pct":100},"statements":{"total":12,"covered":12,"skipped":0,"pct":100},"branches":{"total":10,"covered":10,"skipped":0,"pct":100}}
,"/home/runner/work/ffn-hydrantenmap/ffn-hydrantenmap/src/server/mcp/mcpUserRequired.ts": {"lines":{"total":27,"covered":12,"skipped":0,"pct":44.44},"functions":{"total":4,"covered":3,"skipped":0,"pct":75},"statements":{"total":27,"covered":12,"skipped":0,"pct":44.44},"branches":{"total":17,"covered":6,"skipped":0,"pct":35.29}}
,"/home/runner/work/ffn-hydrantenmap/ffn-hydrantenmap/src/server/mcp/readTools.ts": {"lines":{"total":57,"covered":10,"skipped":0,"pct":17.54},"functions":{"total":13,"covered":2,"skipped":0,"pct":15.38},"statements":{"total":57,"covered":10,"skipped":0,"pct":17.54},"branches":{"total":24,"covered":0,"skipped":0,"pct":0}}
,"/home/runner/work/ffn-hydrantenmap/ffn-hydrantenmap/src/server/mcp/resources.ts": {"lines":{"total":8,"covered":5,"skipped":0,"pct":62.5},"functions":{"total":5,"covered":2,"skipped":0,"pct":40},"statements":{"total":8,"covered":5,"skipped":0,"pct":62.5},"branches":{"total":2,"covered":0,"skipped":0,"pct":0}}
,"/home/runner/work/ffn-hydrantenmap/ffn-hydrantenmap/src/server/mcp/serverToolDeps.ts": {"lines":{"total":17,"covered":15,"skipped":0,"pct":88.23},"functions":{"total":9,"covered":7,"skipped":0,"pct":77.77},"statements":{"total":18,"covered":16,"skipped":0,"pct":88.88},"branches":{"total":6,"covered":6,"skipped":0,"pct":100}}
,"/home/runner/work/ffn-hydrantenmap/ffn-hydrantenmap/src/server/mcp/toolResult.ts": {"lines":{"total":3,"covered":0,"skipped":0,"pct":0},"functions":{"total":3,"covered":0,"skipped":0,"pct":0},"statements":{"total":3,"covered":0,"skipped":0,"pct":0},"branches":{"total":0,"covered":0,"skipped":0,"pct":100}}
,"/home/runner/work/ffn-hydrantenmap/ffn-hydrantenmap/src/server/mcp/userAccess.ts": {"lines":{"total":11,"covered":11,"skipped":0,"pct":100},"functions":{"total":2,"covered":2,"skipped":0,"pct":100},"statements":{"total":11,"covered":11,"skipped":0,"pct":100},"branches":{"total":13,"covered":13,"skipped":0,"pct":100}}
,"/home/runner/work/ffn-hydrantenmap/ffn-hydrantenmap/src/server/mcp/writeOps.ts": {"lines":{"total":19,"covered":18,"skipped":0,"pct":94.73},"functions":{"total":8,"covered":7,"skipped":0,"pct":87.5},"statements":{"total":19,"covered":18,"skipped":0,"pct":94.73},"branches":{"total":13,"covered":12,"skipped":0,"pct":92.3}}
,"/home/runner/work/ffn-hydrantenmap/ffn-hydrantenmap/src/server/mcp/writeTools.ts": {"lines":{"total":32,"covered":10,"skipped":0,"pct":31.25},"functions":{"total":10,"covered":2,"skipped":0,"pct":20},"statements":{"total":32,"covered":10,"skipped":0,"pct":31.25},"branches":{"total":12,"covered":0,"skipped":0,"pct":0}}
,"/home/runner/work/ffn-hydrantenmap/ffn-hydrantenmap/src/server/oauth/accessToken.ts": {"lines":{"total":19,"covered":17,"skipped":0,"pct":89.47},"functions":{"total":3,"covered":3,"skipped":0,"pct":100},"statements":{"total":20,"covered":18,"skipped":0,"pct":90},"branches":{"total":26,"covered":16,"skipped":0,"pct":61.53}}
,"/home/runner/work/ffn-hydrantenmap/ffn-hydrantenmap/src/server/oauth/authCodes.ts": {"lines":{"total":29,"covered":29,"skipped":0,"pct":100},"functions":{"total":3,"covered":3,"skipped":0,"pct":100},"statements":{"total":29,"covered":29,"skipped":0,"pct":100},"branches":{"total":22,"covered":22,"skipped":0,"pct":100}}
,"/home/runner/work/ffn-hydrantenmap/ffn-hydrantenmap/src/server/oauth/authorizeFlow.ts": {"lines":{"total":33,"covered":20,"skipped":0,"pct":60.6},"functions":{"total":3,"covered":2,"skipped":0,"pct":66.66},"statements":{"total":34,"covered":21,"skipped":0,"pct":61.76},"branches":{"total":28,"covered":13,"skipped":0,"pct":46.42}}
,"/home/runner/work/ffn-hydrantenmap/ffn-hydrantenmap/src/server/oauth/authorizeRequest.ts": {"lines":{"total":35,"covered":34,"skipped":0,"pct":97.14},"functions":{"total":4,"covered":4,"skipped":0,"pct":100},"statements":{"total":36,"covered":35,"skipped":0,"pct":97.22},"branches":{"total":47,"covered":45,"skipped":0,"pct":95.74}}
,"/home/runner/work/ffn-hydrantenmap/ffn-hydrantenmap/src/server/oauth/cimd.ts": {"lines":{"total":64,"covered":55,"skipped":0,"pct":85.93},"functions":{"total":6,"covered":5,"skipped":0,"pct":83.33},"statements":{"total":65,"covered":56,"skipped":0,"pct":86.15},"branches":{"total":45,"covered":36,"skipped":0,"pct":80}}
,"/home/runner/work/ffn-hydrantenmap/ffn-hydrantenmap/src/server/oauth/cimdRequest.ts": {"lines":{"total":53,"covered":31,"skipped":0,"pct":58.49},"functions":{"total":20,"covered":12,"skipped":0,"pct":60},"statements":{"total":58,"covered":33,"skipped":0,"pct":56.89},"branches":{"total":24,"covered":12,"skipped":0,"pct":50}}
,"/home/runner/work/ffn-hydrantenmap/ffn-hydrantenmap/src/server/oauth/clientMetadata.ts": {"lines":{"total":56,"covered":52,"skipped":0,"pct":92.85},"functions":{"total":7,"covered":7,"skipped":0,"pct":100},"statements":{"total":56,"covered":52,"skipped":0,"pct":92.85},"branches":{"total":53,"covered":50,"skipped":0,"pct":94.33}}
,"/home/runner/work/ffn-hydrantenmap/ffn-hydrantenmap/src/server/oauth/clients.ts": {"lines":{"total":26,"covered":25,"skipped":0,"pct":96.15},"functions":{"total":4,"covered":4,"skipped":0,"pct":100},"statements":{"total":26,"covered":25,"skipped":0,"pct":96.15},"branches":{"total":24,"covered":20,"skipped":0,"pct":83.33}}
,"/home/runner/work/ffn-hydrantenmap/ffn-hydrantenmap/src/server/oauth/issuer.ts": {"lines":{"total":5,"covered":1,"skipped":0,"pct":20},"functions":{"total":3,"covered":0,"skipped":0,"pct":0},"statements":{"total":5,"covered":1,"skipped":0,"pct":20},"branches":{"total":0,"covered":0,"skipped":0,"pct":100}}
,"/home/runner/work/ffn-hydrantenmap/ffn-hydrantenmap/src/server/oauth/metadata.ts": {"lines":{"total":4,"covered":0,"skipped":0,"pct":0},"functions":{"total":2,"covered":0,"skipped":0,"pct":0},"statements":{"total":4,"covered":0,"skipped":0,"pct":0},"branches":{"total":0,"covered":0,"skipped":0,"pct":100}}
,"/home/runner/work/ffn-hydrantenmap/ffn-hydrantenmap/src/server/oauth/pkce.ts": {"lines":{"total":16,"covered":16,"skipped":0,"pct":100},"functions":{"total":5,"covered":5,"skipped":0,"pct":100},"statements":{"total":17,"covered":17,"skipped":0,"pct":100},"branches":{"total":7,"covered":7,"skipped":0,"pct":100}}
,"/home/runner/work/ffn-hydrantenmap/ffn-hydrantenmap/src/server/oauth/rateLimit.ts": {"lines":{"total":17,"covered":16,"skipped":0,"pct":94.11},"functions":{"total":3,"covered":3,"skipped":0,"pct":100},"statements":{"total":17,"covered":16,"skipped":0,"pct":94.11},"branches":{"total":11,"covered":10,"skipped":0,"pct":90.9}}
,"/home/runner/work/ffn-hydrantenmap/ffn-hydrantenmap/src/server/oauth/redirectUri.ts": {"lines":{"total":36,"covered":33,"skipped":0,"pct":91.66},"functions":{"total":6,"covered":6,"skipped":0,"pct":100},"statements":{"total":36,"covered":33,"skipped":0,"pct":91.66},"branches":{"total":32,"covered":29,"skipped":0,"pct":90.62}}
,"/home/runner/work/ffn-hydrantenmap/ffn-hydrantenmap/src/server/oauth/refreshTokens.ts": {"lines":{"total":31,"covered":31,"skipped":0,"pct":100},"functions":{"total":4,"covered":4,"skipped":0,"pct":100},"statements":{"total":31,"covered":31,"skipped":0,"pct":100},"branches":{"total":21,"covered":21,"skipped":0,"pct":100}}
,"/home/runner/work/ffn-hydrantenmap/ffn-hydrantenmap/src/server/oauth/responses.ts": {"lines":{"total":4,"covered":0,"skipped":0,"pct":0},"functions":{"total":4,"covered":0,"skipped":0,"pct":0},"statements":{"total":4,"covered":0,"skipped":0,"pct":0},"branches":{"total":2,"covered":0,"skipped":0,"pct":0}}
,"/home/runner/work/ffn-hydrantenmap/ffn-hydrantenmap/src/server/oauth/secrets.ts": {"lines":{"total":10,"covered":8,"skipped":0,"pct":80},"functions":{"total":5,"covered":3,"skipped":0,"pct":60},"statements":{"total":11,"covered":9,"skipped":0,"pct":81.81},"branches":{"total":0,"covered":0,"skipped":0,"pct":100}}
,"/home/runner/work/ffn-hydrantenmap/ffn-hydrantenmap/src/server/oauth/signingKey.ts": {"lines":{"total":27,"covered":19,"skipped":0,"pct":70.37},"functions":{"total":6,"covered":5,"skipped":0,"pct":83.33},"statements":{"total":27,"covered":19,"skipped":0,"pct":70.37},"branches":{"total":8,"covered":4,"skipped":0,"pct":50}}
,"/home/runner/work/ffn-hydrantenmap/ffn-hydrantenmap/src/server/oauth/ssrf.ts": {"lines":{"total":45,"covered":40,"skipped":0,"pct":88.88},"functions":{"total":6,"covered":6,"skipped":0,"pct":100},"statements":{"total":45,"covered":40,"skipped":0,"pct":88.88},"branches":{"total":45,"covered":39,"skipped":0,"pct":86.66}}
,"/home/runner/work/ffn-hydrantenmap/ffn-hydrantenmap/src/server/oauth/store.ts": {"lines":{"total":111,"covered":0,"skipped":0,"pct":0},"functions":{"total":38,"covered":0,"skipped":0,"pct":0},"statements":{"total":114,"covered":0,"skipped":0,"pct":0},"branches":{"total":65,"covered":0,"skipped":0,"pct":0}}
,"/home/runner/work/ffn-hydrantenmap/ffn-hydrantenmap/src/server/oauth/types.ts": {"lines":{"total":4,"covered":0,"skipped":0,"pct":0},"functions":{"total":0,"covered":0,"skipped":0,"pct":100},"statements":{"total":4,"covered":0,"skipped":0,"pct":0},"branches":{"total":0,"covered":0,"skipped":0,"pct":100}}
,"/home/runner/work/ffn-hydrantenmap/ffn-hydrantenmap/src/server/rescue/euroRescueCatalog.ts": {"lines":{"total":44,"covered":44,"skipped":0,"pct":100},"functions":{"total":11,"covered":11,"skipped":0,"pct":100},"statements":{"total":48,"covered":48,"skipped":0,"pct":100},"branches":{"total":47,"covered":36,"skipped":0,"pct":76.59}}
,"/home/runner/work/ffn-hydrantenmap/ffn-hydrantenmap/src/server/rescue/rescuePicture.ts": {"lines":{"total":45,"covered":45,"skipped":0,"pct":100},"functions":{"total":5,"covered":5,"skipped":0,"pct":100},"statements":{"total":52,"covered":51,"skipped":0,"pct":98.07},"branches":{"total":29,"covered":28,"skipped":0,"pct":96.55}}
,"/home/runner/work/ffn-hydrantenmap/ffn-hydrantenmap/src/server/rescue/rescueSheetLookup.ts": {"lines":{"total":13,"covered":13,"skipped":0,"pct":100},"functions":{"total":9,"covered":9,"skipped":0,"pct":100},"statements":{"total":19,"covered":18,"skipped":0,"pct":94.73},"branches":{"total":4,"covered":3,"skipped":0,"pct":75}}
,"/home/runner/work/ffn-hydrantenmap/ffn-hydrantenmap/src/server/terrain/bevSource.ts": {"lines":{"total":44,"covered":9,"skipped":0,"pct":20.45},"functions":{"total":8,"covered":0,"skipped":0,"pct":0},"statements":{"total":49,"covered":9,"skipped":0,"pct":18.36},"branches":{"total":18,"covered":0,"skipped":0,"pct":0}}
,"/home/runner/work/ffn-hydrantenmap/ffn-hydrantenmap/src/server/terrain/bigtiff.ts": {"lines":{"total":117,"covered":110,"skipped":0,"pct":94.01},"functions":{"total":10,"covered":10,"skipped":0,"pct":100},"statements":{"total":126,"covered":115,"skipped":0,"pct":91.26},"branches":{"total":78,"covered":57,"skipped":0,"pct":73.07}}
,"/home/runner/work/ffn-hydrantenmap/ffn-hydrantenmap/src/server/terrain/blockBuilder.ts": {"lines":{"total":62,"covered":61,"skipped":0,"pct":98.38},"functions":{"total":6,"covered":6,"skipped":0,"pct":100},"statements":{"total":73,"covered":71,"skipped":0,"pct":97.26},"branches":{"total":26,"covered":24,"skipped":0,"pct":92.3}}
,"/home/runner/work/ffn-hydrantenmap/ffn-hydrantenmap/src/server/terrain/burgenlandBoundary.ts": {"lines":{"total":68,"covered":0,"skipped":0,"pct":0},"functions":{"total":15,"covered":0,"skipped":0,"pct":0},"statements":{"total":85,"covered":0,"skipped":0,"pct":0},"branches":{"total":41,"covered":0,"skipped":0,"pct":0}}
,"/home/runner/work/ffn-hydrantenmap/ffn-hydrantenmap/src/server/terrain/pngWriter.ts": {"lines":{"total":19,"covered":19,"skipped":0,"pct":100},"functions":{"total":2,"covered":2,"skipped":0,"pct":100},"statements":{"total":21,"covered":21,"skipped":0,"pct":100},"branches":{"total":6,"covered":6,"skipped":0,"pct":100}}
,"/home/runner/work/ffn-hydrantenmap/ffn-hydrantenmap/src/server/terrain/terrainCalibrate.ts": {"lines":{"total":87,"covered":0,"skipped":0,"pct":0},"functions":{"total":14,"covered":0,"skipped":0,"pct":0},"statements":{"total":101,"covered":0,"skipped":0,"pct":0},"branches":{"total":26,"covered":0,"skipped":0,"pct":0}}
,"/home/runner/work/ffn-hydrantenmap/ffn-hydrantenmap/src/server/terrain/terrainImport.ts": {"lines":{"total":173,"covered":0,"skipped":0,"pct":0},"functions":{"total":19,"covered":0,"skipped":0,"pct":0},"statements":{"total":193,"covered":0,"skipped":0,"pct":0},"branches":{"total":69,"covered":0,"skipped":0,"pct":0}}
,"/home/runner/work/ffn-hydrantenmap/ffn-hydrantenmap/src/server/terrain/terrainIndex.ts": {"lines":{"total":17,"covered":17,"skipped":0,"pct":100},"functions":{"total":3,"covered":3,"skipped":0,"pct":100},"statements":{"total":19,"covered":18,"skipped":0,"pct":94.73},"branches":{"total":14,"covered":13,"skipped":0,"pct":92.85}}
,"/home/runner/work/ffn-hydrantenmap/ffn-hydrantenmap/src/server/terrain/terrainLevels.ts": {"lines":{"total":12,"covered":9,"skipped":0,"pct":75},"functions":{"total":5,"covered":3,"skipped":0,"pct":60},"statements":{"total":14,"covered":9,"skipped":0,"pct":64.28},"branches":{"total":2,"covered":0,"skipped":0,"pct":0}}
,"/home/runner/work/ffn-hydrantenmap/ffn-hydrantenmap/src/server/terrain/uploadPlan.ts": {"lines":{"total":11,"covered":11,"skipped":0,"pct":100},"functions":{"total":4,"covered":4,"skipped":0,"pct":100},"statements":{"total":14,"covered":14,"skipped":0,"pct":100},"branches":{"total":5,"covered":5,"skipped":0,"pct":100}}
,"/home/runner/work/ffn-hydrantenmap/ffn-hydrantenmap/src/server/userSettings/fetchUserLanguage.ts": {"lines":{"total":8,"covered":8,"skipped":0,"pct":100},"functions":{"total":1,"covered":1,"skipped":0,"pct":100},"statements":{"total":9,"covered":9,"skipped":0,"pct":100},"branches":{"total":4,"covered":4,"skipped":0,"pct":100}}
,"/home/runner/work/ffn-hydrantenmap/ffn-hydrantenmap/src/worker/firebaseConfig.ts": {"lines":{"total":13,"covered":13,"skipped":0,"pct":100},"functions":{"total":1,"covered":1,"skipped":0,"pct":100},"statements":{"total":13,"covered":13,"skipped":0,"pct":100},"branches":{"total":11,"covered":11,"skipped":0,"pct":100}}
,"/home/runner/work/ffn-hydrantenmap/ffn-hydrantenmap/src/worker/index.ts": {"lines":{"total":67,"covered":0,"skipped":0,"pct":0},"functions":{"total":13,"covered":0,"skipped":0,"pct":0},"statements":{"total":72,"covered":0,"skipped":0,"pct":0},"branches":{"total":22,"covered":0,"skipped":0,"pct":0}}
,"/home/runner/work/ffn-hydrantenmap/ffn-hydrantenmap/src/worker/patterns.ts": {"lines":{"total":18,"covered":18,"skipped":0,"pct":100},"functions":{"total":10,"covered":10,"skipped":0,"pct":100},"statements":{"total":18,"covered":18,"skipped":0,"pct":100},"branches":{"total":18,"covered":17,"skipped":0,"pct":94.44}}
,"/home/runner/work/ffn-hydrantenmap/ffn-hydrantenmap/src/workers/terrain.worker.ts": {"lines":{"total":48,"covered":0,"skipped":0,"pct":0},"functions":{"total":9,"covered":0,"skipped":0,"pct":0},"statements":{"total":49,"covered":0,"skipped":0,"pct":0},"branches":{"total":23,"covered":0,"skipped":0,"pct":0}}
}
